[2025-06-11T17:50:48.281+0000] {taskinstance.py:1957} INFO - Dependencies all met for dep_context=non-requeueable deps ti=<TaskInstance: weather_data_pipeline.start_kafka_producer manual__2025-06-11T17:45:44.487184+00:00 [queued]>
[2025-06-11T17:50:48.301+0000] {taskinstance.py:1957} INFO - Dependencies all met for dep_context=requeueable deps ti=<TaskInstance: weather_data_pipeline.start_kafka_producer manual__2025-06-11T17:45:44.487184+00:00 [queued]>
[2025-06-11T17:50:48.302+0000] {taskinstance.py:2171} INFO - Starting attempt 2 of 3
[2025-06-11T17:50:48.321+0000] {taskinstance.py:2192} INFO - Executing <Task(BashOperator): start_kafka_producer> on 2025-06-11 17:45:44.487184+00:00
[2025-06-11T17:50:48.328+0000] {standard_task_runner.py:60} INFO - Started process 534 to run task
[2025-06-11T17:50:48.332+0000] {standard_task_runner.py:87} INFO - Running: ['***', 'tasks', 'run', 'weather_data_pipeline', 'start_kafka_producer', 'manual__2025-06-11T17:45:44.487184+00:00', '--job-id', '9', '--raw', '--subdir', 'DAGS_FOLDER/data_pipeline_dag.py', '--cfg-path', '/tmp/tmptr6wu6uu']
[2025-06-11T17:50:48.335+0000] {standard_task_runner.py:88} INFO - Job 9: Subtask start_kafka_producer
[2025-06-11T17:50:48.424+0000] {task_command.py:423} INFO - Running <TaskInstance: weather_data_pipeline.start_kafka_producer manual__2025-06-11T17:45:44.487184+00:00 [running]> on host 65fc519ef84e
[2025-06-11T17:50:48.559+0000] {taskinstance.py:2481} INFO - Exporting env vars: AIRFLOW_CTX_DAG_OWNER='Daniel' AIRFLOW_CTX_DAG_ID='weather_data_pipeline' AIRFLOW_CTX_TASK_ID='start_kafka_producer' AIRFLOW_CTX_EXECUTION_DATE='2025-06-11T17:45:44.487184+00:00' AIRFLOW_CTX_TRY_NUMBER='2' AIRFLOW_CTX_DAG_RUN_ID='manual__2025-06-11T17:45:44.487184+00:00'
[2025-06-11T17:50:48.561+0000] {subprocess.py:63} INFO - Tmp dir root location: /tmp
[2025-06-11T17:50:48.575+0000] {subprocess.py:75} INFO - Running command: ['/usr/bin/bash', '-c', 'python /opt/***/scripts/real_api_producer.py']
[2025-06-11T17:50:48.599+0000] {subprocess.py:86} INFO - Output:
[2025-06-11T17:50:49.150+0000] {subprocess.py:93} INFO - Traceback (most recent call last):
[2025-06-11T17:50:49.151+0000] {subprocess.py:93} INFO -   File "/opt/***/scripts/real_api_producer.py", line 7, in <module>
[2025-06-11T17:50:49.152+0000] {subprocess.py:93} INFO -     producer = KafkaProducer(
[2025-06-11T17:50:49.153+0000] {subprocess.py:93} INFO -   File "/home/***/.local/lib/python3.8/site-packages/kafka/producer/kafka.py", line 381, in __init__
[2025-06-11T17:50:49.154+0000] {subprocess.py:93} INFO -     client = KafkaClient(metrics=self._metrics, metric_group_prefix='producer',
[2025-06-11T17:50:49.155+0000] {subprocess.py:93} INFO -   File "/home/***/.local/lib/python3.8/site-packages/kafka/client_async.py", line 244, in __init__
[2025-06-11T17:50:49.156+0000] {subprocess.py:93} INFO -     self.config['api_version'] = self.check_version(timeout=check_timeout)
[2025-06-11T17:50:49.156+0000] {subprocess.py:93} INFO -   File "/home/***/.local/lib/python3.8/site-packages/kafka/client_async.py", line 900, in check_version
[2025-06-11T17:50:49.157+0000] {subprocess.py:93} INFO -     raise Errors.NoBrokersAvailable()
[2025-06-11T17:50:49.158+0000] {subprocess.py:93} INFO - kafka.errors.NoBrokersAvailable: NoBrokersAvailable
[2025-06-11T17:50:49.179+0000] {subprocess.py:97} INFO - Command exited with return code 1
[2025-06-11T17:50:49.196+0000] {taskinstance.py:2699} ERROR - Task failed with exception
Traceback (most recent call last):
  File "/home/airflow/.local/lib/python3.8/site-packages/airflow/models/taskinstance.py", line 433, in _execute_task
    result = execute_callable(context=context, **execute_callable_kwargs)
  File "/home/airflow/.local/lib/python3.8/site-packages/airflow/operators/bash.py", line 212, in execute
    raise AirflowException(
airflow.exceptions.AirflowException: Bash command failed. The command returned a non-zero exit code 1.
[2025-06-11T17:50:49.202+0000] {taskinstance.py:1138} INFO - Marking task as UP_FOR_RETRY. dag_id=weather_data_pipeline, task_id=start_kafka_producer, execution_date=20250611T174544, start_date=20250611T175048, end_date=20250611T175049
[2025-06-11T17:50:49.224+0000] {standard_task_runner.py:107} ERROR - Failed to execute job 9 for task start_kafka_producer (Bash command failed. The command returned a non-zero exit code 1.; 534)
[2025-06-11T17:50:49.271+0000] {local_task_job_runner.py:234} INFO - Task exited with return code 1
[2025-06-11T17:50:49.304+0000] {taskinstance.py:3281} INFO - 0 downstream tasks scheduled from follow-on schedule check
