[2025-06-30T02:08:30.194+0000] {processor.py:161} INFO - Started process (PID=44090) to work on /opt/airflow/dags/data_pipeline_dag.py
[2025-06-30T02:08:30.201+0000] {processor.py:830} INFO - Processing file /opt/airflow/dags/data_pipeline_dag.py for tasks to queue
[2025-06-30T02:08:30.213+0000] {logging_mixin.py:188} INFO - [2025-06-30T02:08:30.213+0000] {dagbag.py:538} INFO - Filling up the DagBag from /opt/airflow/dags/data_pipeline_dag.py
[2025-06-30T02:08:30.603+0000] {processor.py:840} INFO - DAG(s) 'weather_data_pipeline' retrieved from /opt/airflow/dags/data_pipeline_dag.py
[2025-06-30T02:08:30.721+0000] {logging_mixin.py:188} INFO - [2025-06-30T02:08:30.721+0000] {dag.py:3033} INFO - Sync 1 DAGs
[2025-06-30T02:08:30.829+0000] {logging_mixin.py:188} INFO - [2025-06-30T02:08:30.828+0000] {dag.py:3820} INFO - Setting next_dagrun for weather_data_pipeline to None, run_after=None
[2025-06-30T02:08:30.922+0000] {processor.py:183} INFO - Processing /opt/airflow/dags/data_pipeline_dag.py took 0.734 seconds
[2025-06-30T02:09:01.406+0000] {processor.py:161} INFO - Started process (PID=44095) to work on /opt/airflow/dags/data_pipeline_dag.py
[2025-06-30T02:09:01.408+0000] {processor.py:830} INFO - Processing file /opt/airflow/dags/data_pipeline_dag.py for tasks to queue
[2025-06-30T02:09:01.410+0000] {logging_mixin.py:188} INFO - [2025-06-30T02:09:01.409+0000] {dagbag.py:538} INFO - Filling up the DagBag from /opt/airflow/dags/data_pipeline_dag.py
[2025-06-30T02:09:01.547+0000] {processor.py:840} INFO - DAG(s) 'weather_data_pipeline' retrieved from /opt/airflow/dags/data_pipeline_dag.py
[2025-06-30T02:09:01.602+0000] {logging_mixin.py:188} INFO - [2025-06-30T02:09:01.601+0000] {dag.py:3033} INFO - Sync 1 DAGs
[2025-06-30T02:09:01.638+0000] {logging_mixin.py:188} INFO - [2025-06-30T02:09:01.637+0000] {dag.py:3820} INFO - Setting next_dagrun for weather_data_pipeline to None, run_after=None
[2025-06-30T02:09:01.680+0000] {processor.py:183} INFO - Processing /opt/airflow/dags/data_pipeline_dag.py took 0.279 seconds
[2025-06-30T02:09:32.020+0000] {processor.py:161} INFO - Started process (PID=44100) to work on /opt/airflow/dags/data_pipeline_dag.py
[2025-06-30T02:09:32.022+0000] {processor.py:830} INFO - Processing file /opt/airflow/dags/data_pipeline_dag.py for tasks to queue
[2025-06-30T02:09:32.024+0000] {logging_mixin.py:188} INFO - [2025-06-30T02:09:32.024+0000] {dagbag.py:538} INFO - Filling up the DagBag from /opt/airflow/dags/data_pipeline_dag.py
[2025-06-30T02:09:32.130+0000] {processor.py:840} INFO - DAG(s) 'weather_data_pipeline' retrieved from /opt/airflow/dags/data_pipeline_dag.py
[2025-06-30T02:09:32.190+0000] {logging_mixin.py:188} INFO - [2025-06-30T02:09:32.190+0000] {dag.py:3033} INFO - Sync 1 DAGs
[2025-06-30T02:09:32.233+0000] {logging_mixin.py:188} INFO - [2025-06-30T02:09:32.232+0000] {dag.py:3820} INFO - Setting next_dagrun for weather_data_pipeline to None, run_after=None
[2025-06-30T02:09:32.265+0000] {processor.py:183} INFO - Processing /opt/airflow/dags/data_pipeline_dag.py took 0.254 seconds
[2025-06-30T02:10:02.384+0000] {processor.py:161} INFO - Started process (PID=44105) to work on /opt/airflow/dags/data_pipeline_dag.py
[2025-06-30T02:10:02.386+0000] {processor.py:830} INFO - Processing file /opt/airflow/dags/data_pipeline_dag.py for tasks to queue
[2025-06-30T02:10:02.389+0000] {logging_mixin.py:188} INFO - [2025-06-30T02:10:02.388+0000] {dagbag.py:538} INFO - Filling up the DagBag from /opt/airflow/dags/data_pipeline_dag.py
[2025-06-30T02:10:02.497+0000] {processor.py:840} INFO - DAG(s) 'weather_data_pipeline' retrieved from /opt/airflow/dags/data_pipeline_dag.py
[2025-06-30T02:10:02.533+0000] {logging_mixin.py:188} INFO - [2025-06-30T02:10:02.533+0000] {dag.py:3033} INFO - Sync 1 DAGs
[2025-06-30T02:10:02.570+0000] {logging_mixin.py:188} INFO - [2025-06-30T02:10:02.570+0000] {dag.py:3820} INFO - Setting next_dagrun for weather_data_pipeline to None, run_after=None
[2025-06-30T02:10:02.603+0000] {processor.py:183} INFO - Processing /opt/airflow/dags/data_pipeline_dag.py took 0.227 seconds
[2025-06-30T02:10:32.925+0000] {processor.py:161} INFO - Started process (PID=44110) to work on /opt/airflow/dags/data_pipeline_dag.py
[2025-06-30T02:10:32.927+0000] {processor.py:830} INFO - Processing file /opt/airflow/dags/data_pipeline_dag.py for tasks to queue
[2025-06-30T02:10:32.929+0000] {logging_mixin.py:188} INFO - [2025-06-30T02:10:32.928+0000] {dagbag.py:538} INFO - Filling up the DagBag from /opt/airflow/dags/data_pipeline_dag.py
[2025-06-30T02:10:33.066+0000] {processor.py:840} INFO - DAG(s) 'weather_data_pipeline' retrieved from /opt/airflow/dags/data_pipeline_dag.py
[2025-06-30T02:10:33.117+0000] {logging_mixin.py:188} INFO - [2025-06-30T02:10:33.116+0000] {dag.py:3033} INFO - Sync 1 DAGs
[2025-06-30T02:10:33.158+0000] {logging_mixin.py:188} INFO - [2025-06-30T02:10:33.157+0000] {dag.py:3820} INFO - Setting next_dagrun for weather_data_pipeline to None, run_after=None
[2025-06-30T02:10:33.208+0000] {processor.py:183} INFO - Processing /opt/airflow/dags/data_pipeline_dag.py took 0.290 seconds
[2025-06-30T02:11:03.694+0000] {processor.py:161} INFO - Started process (PID=44115) to work on /opt/airflow/dags/data_pipeline_dag.py
[2025-06-30T02:11:03.697+0000] {processor.py:830} INFO - Processing file /opt/airflow/dags/data_pipeline_dag.py for tasks to queue
[2025-06-30T02:11:03.714+0000] {logging_mixin.py:188} INFO - [2025-06-30T02:11:03.710+0000] {dagbag.py:538} INFO - Filling up the DagBag from /opt/airflow/dags/data_pipeline_dag.py
[2025-06-30T02:11:04.081+0000] {processor.py:840} INFO - DAG(s) 'weather_data_pipeline' retrieved from /opt/airflow/dags/data_pipeline_dag.py
[2025-06-30T02:11:04.186+0000] {logging_mixin.py:188} INFO - [2025-06-30T02:11:04.186+0000] {dag.py:3033} INFO - Sync 1 DAGs
[2025-06-30T02:11:04.291+0000] {logging_mixin.py:188} INFO - [2025-06-30T02:11:04.290+0000] {dag.py:3820} INFO - Setting next_dagrun for weather_data_pipeline to None, run_after=None
[2025-06-30T02:11:04.382+0000] {processor.py:183} INFO - Processing /opt/airflow/dags/data_pipeline_dag.py took 0.699 seconds
[2025-06-30T02:11:34.832+0000] {processor.py:161} INFO - Started process (PID=44120) to work on /opt/airflow/dags/data_pipeline_dag.py
[2025-06-30T02:11:34.836+0000] {processor.py:830} INFO - Processing file /opt/airflow/dags/data_pipeline_dag.py for tasks to queue
[2025-06-30T02:11:34.840+0000] {logging_mixin.py:188} INFO - [2025-06-30T02:11:34.839+0000] {dagbag.py:538} INFO - Filling up the DagBag from /opt/airflow/dags/data_pipeline_dag.py
[2025-06-30T02:11:34.950+0000] {processor.py:840} INFO - DAG(s) 'weather_data_pipeline' retrieved from /opt/airflow/dags/data_pipeline_dag.py
[2025-06-30T02:11:34.994+0000] {logging_mixin.py:188} INFO - [2025-06-30T02:11:34.994+0000] {dag.py:3033} INFO - Sync 1 DAGs
[2025-06-30T02:11:35.029+0000] {logging_mixin.py:188} INFO - [2025-06-30T02:11:35.029+0000] {dag.py:3820} INFO - Setting next_dagrun for weather_data_pipeline to None, run_after=None
[2025-06-30T02:11:35.068+0000] {processor.py:183} INFO - Processing /opt/airflow/dags/data_pipeline_dag.py took 0.242 seconds
[2025-06-30T02:12:05.287+0000] {processor.py:161} INFO - Started process (PID=44125) to work on /opt/airflow/dags/data_pipeline_dag.py
[2025-06-30T02:12:05.289+0000] {processor.py:830} INFO - Processing file /opt/airflow/dags/data_pipeline_dag.py for tasks to queue
[2025-06-30T02:12:05.292+0000] {logging_mixin.py:188} INFO - [2025-06-30T02:12:05.291+0000] {dagbag.py:538} INFO - Filling up the DagBag from /opt/airflow/dags/data_pipeline_dag.py
[2025-06-30T02:12:05.452+0000] {processor.py:840} INFO - DAG(s) 'weather_data_pipeline' retrieved from /opt/airflow/dags/data_pipeline_dag.py
[2025-06-30T02:12:05.510+0000] {logging_mixin.py:188} INFO - [2025-06-30T02:12:05.509+0000] {dag.py:3033} INFO - Sync 1 DAGs
[2025-06-30T02:12:05.544+0000] {logging_mixin.py:188} INFO - [2025-06-30T02:12:05.544+0000] {dag.py:3820} INFO - Setting next_dagrun for weather_data_pipeline to None, run_after=None
[2025-06-30T02:12:05.580+0000] {processor.py:183} INFO - Processing /opt/airflow/dags/data_pipeline_dag.py took 0.300 seconds
[2025-06-30T02:12:35.765+0000] {processor.py:161} INFO - Started process (PID=44130) to work on /opt/airflow/dags/data_pipeline_dag.py
[2025-06-30T02:12:35.767+0000] {processor.py:830} INFO - Processing file /opt/airflow/dags/data_pipeline_dag.py for tasks to queue
[2025-06-30T02:12:35.770+0000] {logging_mixin.py:188} INFO - [2025-06-30T02:12:35.769+0000] {dagbag.py:538} INFO - Filling up the DagBag from /opt/airflow/dags/data_pipeline_dag.py
[2025-06-30T02:12:35.872+0000] {processor.py:840} INFO - DAG(s) 'weather_data_pipeline' retrieved from /opt/airflow/dags/data_pipeline_dag.py
[2025-06-30T02:12:35.924+0000] {logging_mixin.py:188} INFO - [2025-06-30T02:12:35.923+0000] {dag.py:3033} INFO - Sync 1 DAGs
[2025-06-30T02:12:35.958+0000] {logging_mixin.py:188} INFO - [2025-06-30T02:12:35.957+0000] {dag.py:3820} INFO - Setting next_dagrun for weather_data_pipeline to None, run_after=None
[2025-06-30T02:12:35.984+0000] {processor.py:183} INFO - Processing /opt/airflow/dags/data_pipeline_dag.py took 0.223 seconds
[2025-06-30T02:13:06.204+0000] {processor.py:161} INFO - Started process (PID=44135) to work on /opt/airflow/dags/data_pipeline_dag.py
[2025-06-30T02:13:06.206+0000] {processor.py:830} INFO - Processing file /opt/airflow/dags/data_pipeline_dag.py for tasks to queue
[2025-06-30T02:13:06.208+0000] {logging_mixin.py:188} INFO - [2025-06-30T02:13:06.208+0000] {dagbag.py:538} INFO - Filling up the DagBag from /opt/airflow/dags/data_pipeline_dag.py
[2025-06-30T02:13:06.334+0000] {processor.py:840} INFO - DAG(s) 'weather_data_pipeline' retrieved from /opt/airflow/dags/data_pipeline_dag.py
[2025-06-30T02:13:06.373+0000] {logging_mixin.py:188} INFO - [2025-06-30T02:13:06.373+0000] {dag.py:3033} INFO - Sync 1 DAGs
[2025-06-30T02:13:06.401+0000] {logging_mixin.py:188} INFO - [2025-06-30T02:13:06.401+0000] {dag.py:3820} INFO - Setting next_dagrun for weather_data_pipeline to None, run_after=None
[2025-06-30T02:13:06.429+0000] {processor.py:183} INFO - Processing /opt/airflow/dags/data_pipeline_dag.py took 0.231 seconds
[2025-06-30T02:13:36.673+0000] {processor.py:161} INFO - Started process (PID=44140) to work on /opt/airflow/dags/data_pipeline_dag.py
[2025-06-30T02:13:36.676+0000] {processor.py:830} INFO - Processing file /opt/airflow/dags/data_pipeline_dag.py for tasks to queue
[2025-06-30T02:13:36.679+0000] {logging_mixin.py:188} INFO - [2025-06-30T02:13:36.678+0000] {dagbag.py:538} INFO - Filling up the DagBag from /opt/airflow/dags/data_pipeline_dag.py
[2025-06-30T02:13:36.778+0000] {processor.py:840} INFO - DAG(s) 'weather_data_pipeline' retrieved from /opt/airflow/dags/data_pipeline_dag.py
[2025-06-30T02:13:36.818+0000] {logging_mixin.py:188} INFO - [2025-06-30T02:13:36.818+0000] {dag.py:3033} INFO - Sync 1 DAGs
[2025-06-30T02:13:36.851+0000] {logging_mixin.py:188} INFO - [2025-06-30T02:13:36.851+0000] {dag.py:3820} INFO - Setting next_dagrun for weather_data_pipeline to None, run_after=None
[2025-06-30T02:13:36.891+0000] {processor.py:183} INFO - Processing /opt/airflow/dags/data_pipeline_dag.py took 0.225 seconds
[2025-06-30T02:14:07.072+0000] {processor.py:161} INFO - Started process (PID=44145) to work on /opt/airflow/dags/data_pipeline_dag.py
[2025-06-30T02:14:07.074+0000] {processor.py:830} INFO - Processing file /opt/airflow/dags/data_pipeline_dag.py for tasks to queue
[2025-06-30T02:14:07.076+0000] {logging_mixin.py:188} INFO - [2025-06-30T02:14:07.075+0000] {dagbag.py:538} INFO - Filling up the DagBag from /opt/airflow/dags/data_pipeline_dag.py
[2025-06-30T02:14:07.165+0000] {processor.py:840} INFO - DAG(s) 'weather_data_pipeline' retrieved from /opt/airflow/dags/data_pipeline_dag.py
[2025-06-30T02:14:07.202+0000] {logging_mixin.py:188} INFO - [2025-06-30T02:14:07.202+0000] {dag.py:3033} INFO - Sync 1 DAGs
[2025-06-30T02:14:07.232+0000] {logging_mixin.py:188} INFO - [2025-06-30T02:14:07.232+0000] {dag.py:3820} INFO - Setting next_dagrun for weather_data_pipeline to None, run_after=None
[2025-06-30T02:14:07.269+0000] {processor.py:183} INFO - Processing /opt/airflow/dags/data_pipeline_dag.py took 0.201 seconds
[2025-06-30T02:14:37.560+0000] {processor.py:161} INFO - Started process (PID=44150) to work on /opt/airflow/dags/data_pipeline_dag.py
[2025-06-30T02:14:37.561+0000] {processor.py:830} INFO - Processing file /opt/airflow/dags/data_pipeline_dag.py for tasks to queue
[2025-06-30T02:14:37.563+0000] {logging_mixin.py:188} INFO - [2025-06-30T02:14:37.562+0000] {dagbag.py:538} INFO - Filling up the DagBag from /opt/airflow/dags/data_pipeline_dag.py
[2025-06-30T02:14:37.660+0000] {processor.py:840} INFO - DAG(s) 'weather_data_pipeline' retrieved from /opt/airflow/dags/data_pipeline_dag.py
[2025-06-30T02:14:37.697+0000] {logging_mixin.py:188} INFO - [2025-06-30T02:14:37.696+0000] {dag.py:3033} INFO - Sync 1 DAGs
[2025-06-30T02:14:37.725+0000] {logging_mixin.py:188} INFO - [2025-06-30T02:14:37.725+0000] {dag.py:3820} INFO - Setting next_dagrun for weather_data_pipeline to None, run_after=None
[2025-06-30T02:14:37.750+0000] {processor.py:183} INFO - Processing /opt/airflow/dags/data_pipeline_dag.py took 0.194 seconds
[2025-06-30T02:15:07.985+0000] {processor.py:161} INFO - Started process (PID=44155) to work on /opt/airflow/dags/data_pipeline_dag.py
[2025-06-30T02:15:07.988+0000] {processor.py:830} INFO - Processing file /opt/airflow/dags/data_pipeline_dag.py for tasks to queue
[2025-06-30T02:15:07.991+0000] {logging_mixin.py:188} INFO - [2025-06-30T02:15:07.990+0000] {dagbag.py:538} INFO - Filling up the DagBag from /opt/airflow/dags/data_pipeline_dag.py
[2025-06-30T02:15:08.098+0000] {processor.py:840} INFO - DAG(s) 'weather_data_pipeline' retrieved from /opt/airflow/dags/data_pipeline_dag.py
[2025-06-30T02:15:08.149+0000] {logging_mixin.py:188} INFO - [2025-06-30T02:15:08.146+0000] {dag.py:3033} INFO - Sync 1 DAGs
[2025-06-30T02:15:08.190+0000] {logging_mixin.py:188} INFO - [2025-06-30T02:15:08.189+0000] {dag.py:3820} INFO - Setting next_dagrun for weather_data_pipeline to None, run_after=None
[2025-06-30T02:15:08.221+0000] {processor.py:183} INFO - Processing /opt/airflow/dags/data_pipeline_dag.py took 0.242 seconds
[2025-06-30T02:15:38.854+0000] {processor.py:161} INFO - Started process (PID=44160) to work on /opt/airflow/dags/data_pipeline_dag.py
[2025-06-30T02:15:38.856+0000] {processor.py:830} INFO - Processing file /opt/airflow/dags/data_pipeline_dag.py for tasks to queue
[2025-06-30T02:15:38.859+0000] {logging_mixin.py:188} INFO - [2025-06-30T02:15:38.858+0000] {dagbag.py:538} INFO - Filling up the DagBag from /opt/airflow/dags/data_pipeline_dag.py
[2025-06-30T02:15:38.958+0000] {processor.py:840} INFO - DAG(s) 'weather_data_pipeline' retrieved from /opt/airflow/dags/data_pipeline_dag.py
[2025-06-30T02:15:38.998+0000] {logging_mixin.py:188} INFO - [2025-06-30T02:15:38.998+0000] {dag.py:3033} INFO - Sync 1 DAGs
[2025-06-30T02:15:39.030+0000] {logging_mixin.py:188} INFO - [2025-06-30T02:15:39.029+0000] {dag.py:3820} INFO - Setting next_dagrun for weather_data_pipeline to None, run_after=None
[2025-06-30T02:15:39.069+0000] {processor.py:183} INFO - Processing /opt/airflow/dags/data_pipeline_dag.py took 0.225 seconds
[2025-06-30T02:16:09.290+0000] {processor.py:161} INFO - Started process (PID=44165) to work on /opt/airflow/dags/data_pipeline_dag.py
[2025-06-30T02:16:09.292+0000] {processor.py:830} INFO - Processing file /opt/airflow/dags/data_pipeline_dag.py for tasks to queue
[2025-06-30T02:16:09.295+0000] {logging_mixin.py:188} INFO - [2025-06-30T02:16:09.293+0000] {dagbag.py:538} INFO - Filling up the DagBag from /opt/airflow/dags/data_pipeline_dag.py
[2025-06-30T02:16:09.388+0000] {processor.py:840} INFO - DAG(s) 'weather_data_pipeline' retrieved from /opt/airflow/dags/data_pipeline_dag.py
[2025-06-30T02:16:09.421+0000] {logging_mixin.py:188} INFO - [2025-06-30T02:16:09.421+0000] {dag.py:3033} INFO - Sync 1 DAGs
[2025-06-30T02:16:09.446+0000] {logging_mixin.py:188} INFO - [2025-06-30T02:16:09.446+0000] {dag.py:3820} INFO - Setting next_dagrun for weather_data_pipeline to None, run_after=None
[2025-06-30T02:16:09.470+0000] {processor.py:183} INFO - Processing /opt/airflow/dags/data_pipeline_dag.py took 0.184 seconds
[2025-06-30T02:16:39.703+0000] {processor.py:161} INFO - Started process (PID=44170) to work on /opt/airflow/dags/data_pipeline_dag.py
[2025-06-30T02:16:39.705+0000] {processor.py:830} INFO - Processing file /opt/airflow/dags/data_pipeline_dag.py for tasks to queue
[2025-06-30T02:16:39.706+0000] {logging_mixin.py:188} INFO - [2025-06-30T02:16:39.706+0000] {dagbag.py:538} INFO - Filling up the DagBag from /opt/airflow/dags/data_pipeline_dag.py
[2025-06-30T02:16:39.787+0000] {processor.py:840} INFO - DAG(s) 'weather_data_pipeline' retrieved from /opt/airflow/dags/data_pipeline_dag.py
[2025-06-30T02:16:39.826+0000] {logging_mixin.py:188} INFO - [2025-06-30T02:16:39.825+0000] {dag.py:3033} INFO - Sync 1 DAGs
[2025-06-30T02:16:39.858+0000] {logging_mixin.py:188} INFO - [2025-06-30T02:16:39.858+0000] {dag.py:3820} INFO - Setting next_dagrun for weather_data_pipeline to None, run_after=None
[2025-06-30T02:16:39.896+0000] {processor.py:183} INFO - Processing /opt/airflow/dags/data_pipeline_dag.py took 0.198 seconds
[2025-06-30T02:17:10.113+0000] {processor.py:161} INFO - Started process (PID=44175) to work on /opt/airflow/dags/data_pipeline_dag.py
[2025-06-30T02:17:10.114+0000] {processor.py:830} INFO - Processing file /opt/airflow/dags/data_pipeline_dag.py for tasks to queue
[2025-06-30T02:17:10.116+0000] {logging_mixin.py:188} INFO - [2025-06-30T02:17:10.115+0000] {dagbag.py:538} INFO - Filling up the DagBag from /opt/airflow/dags/data_pipeline_dag.py
[2025-06-30T02:17:10.201+0000] {processor.py:840} INFO - DAG(s) 'weather_data_pipeline' retrieved from /opt/airflow/dags/data_pipeline_dag.py
[2025-06-30T02:17:10.234+0000] {logging_mixin.py:188} INFO - [2025-06-30T02:17:10.234+0000] {dag.py:3033} INFO - Sync 1 DAGs
[2025-06-30T02:17:10.267+0000] {logging_mixin.py:188} INFO - [2025-06-30T02:17:10.266+0000] {dag.py:3820} INFO - Setting next_dagrun for weather_data_pipeline to None, run_after=None
[2025-06-30T02:17:10.305+0000] {processor.py:183} INFO - Processing /opt/airflow/dags/data_pipeline_dag.py took 0.198 seconds
[2025-06-30T02:17:40.550+0000] {processor.py:161} INFO - Started process (PID=44180) to work on /opt/airflow/dags/data_pipeline_dag.py
[2025-06-30T02:17:40.552+0000] {processor.py:830} INFO - Processing file /opt/airflow/dags/data_pipeline_dag.py for tasks to queue
[2025-06-30T02:17:40.553+0000] {logging_mixin.py:188} INFO - [2025-06-30T02:17:40.553+0000] {dagbag.py:538} INFO - Filling up the DagBag from /opt/airflow/dags/data_pipeline_dag.py
[2025-06-30T02:17:40.665+0000] {processor.py:840} INFO - DAG(s) 'weather_data_pipeline' retrieved from /opt/airflow/dags/data_pipeline_dag.py
[2025-06-30T02:17:40.700+0000] {logging_mixin.py:188} INFO - [2025-06-30T02:17:40.700+0000] {dag.py:3033} INFO - Sync 1 DAGs
[2025-06-30T02:17:40.731+0000] {logging_mixin.py:188} INFO - [2025-06-30T02:17:40.731+0000] {dag.py:3820} INFO - Setting next_dagrun for weather_data_pipeline to None, run_after=None
[2025-06-30T02:17:40.767+0000] {processor.py:183} INFO - Processing /opt/airflow/dags/data_pipeline_dag.py took 0.221 seconds
[2025-06-30T02:18:10.905+0000] {processor.py:161} INFO - Started process (PID=44185) to work on /opt/airflow/dags/data_pipeline_dag.py
[2025-06-30T02:18:10.907+0000] {processor.py:830} INFO - Processing file /opt/airflow/dags/data_pipeline_dag.py for tasks to queue
[2025-06-30T02:18:10.909+0000] {logging_mixin.py:188} INFO - [2025-06-30T02:18:10.908+0000] {dagbag.py:538} INFO - Filling up the DagBag from /opt/airflow/dags/data_pipeline_dag.py
[2025-06-30T02:18:11.016+0000] {processor.py:840} INFO - DAG(s) 'weather_data_pipeline' retrieved from /opt/airflow/dags/data_pipeline_dag.py
[2025-06-30T02:18:11.065+0000] {logging_mixin.py:188} INFO - [2025-06-30T02:18:11.065+0000] {dag.py:3033} INFO - Sync 1 DAGs
[2025-06-30T02:18:11.092+0000] {logging_mixin.py:188} INFO - [2025-06-30T02:18:11.091+0000] {dag.py:3820} INFO - Setting next_dagrun for weather_data_pipeline to None, run_after=None
[2025-06-30T02:18:11.117+0000] {processor.py:183} INFO - Processing /opt/airflow/dags/data_pipeline_dag.py took 0.216 seconds
[2025-06-30T02:18:41.788+0000] {processor.py:161} INFO - Started process (PID=44190) to work on /opt/airflow/dags/data_pipeline_dag.py
[2025-06-30T02:18:41.790+0000] {processor.py:830} INFO - Processing file /opt/airflow/dags/data_pipeline_dag.py for tasks to queue
[2025-06-30T02:18:41.792+0000] {logging_mixin.py:188} INFO - [2025-06-30T02:18:41.791+0000] {dagbag.py:538} INFO - Filling up the DagBag from /opt/airflow/dags/data_pipeline_dag.py
[2025-06-30T02:18:41.897+0000] {processor.py:840} INFO - DAG(s) 'weather_data_pipeline' retrieved from /opt/airflow/dags/data_pipeline_dag.py
[2025-06-30T02:18:41.933+0000] {logging_mixin.py:188} INFO - [2025-06-30T02:18:41.933+0000] {dag.py:3033} INFO - Sync 1 DAGs
[2025-06-30T02:18:41.961+0000] {logging_mixin.py:188} INFO - [2025-06-30T02:18:41.961+0000] {dag.py:3820} INFO - Setting next_dagrun for weather_data_pipeline to None, run_after=None
[2025-06-30T02:18:41.984+0000] {processor.py:183} INFO - Processing /opt/airflow/dags/data_pipeline_dag.py took 0.200 seconds
[2025-06-30T02:26:30.949+0000] {processor.py:161} INFO - Started process (PID=44196) to work on /opt/airflow/dags/data_pipeline_dag.py
[2025-06-30T02:26:31.011+0000] {processor.py:830} INFO - Processing file /opt/airflow/dags/data_pipeline_dag.py for tasks to queue
[2025-06-30T02:26:31.101+0000] {logging_mixin.py:188} INFO - [2025-06-30T02:26:31.100+0000] {dagbag.py:538} INFO - Filling up the DagBag from /opt/airflow/dags/data_pipeline_dag.py
[2025-06-30T02:26:32.583+0000] {processor.py:840} INFO - DAG(s) 'weather_data_pipeline' retrieved from /opt/airflow/dags/data_pipeline_dag.py
[2025-06-30T02:26:32.721+0000] {logging_mixin.py:188} INFO - [2025-06-30T02:26:32.721+0000] {dag.py:3033} INFO - Sync 1 DAGs
[2025-06-30T02:26:32.814+0000] {logging_mixin.py:188} INFO - [2025-06-30T02:26:32.813+0000] {dag.py:3820} INFO - Setting next_dagrun for weather_data_pipeline to None, run_after=None
[2025-06-30T02:26:32.935+0000] {processor.py:183} INFO - Processing /opt/airflow/dags/data_pipeline_dag.py took 2.003 seconds
[2025-06-30T02:48:26.574+0000] {processor.py:161} INFO - Started process (PID=44204) to work on /opt/airflow/dags/data_pipeline_dag.py
[2025-06-30T02:48:26.602+0000] {processor.py:830} INFO - Processing file /opt/airflow/dags/data_pipeline_dag.py for tasks to queue
[2025-06-30T02:48:26.627+0000] {logging_mixin.py:188} INFO - [2025-06-30T02:48:26.626+0000] {dagbag.py:538} INFO - Filling up the DagBag from /opt/airflow/dags/data_pipeline_dag.py
[2025-06-30T02:48:27.083+0000] {processor.py:840} INFO - DAG(s) 'weather_data_pipeline' retrieved from /opt/airflow/dags/data_pipeline_dag.py
[2025-06-30T02:48:27.219+0000] {logging_mixin.py:188} INFO - [2025-06-30T02:48:27.219+0000] {dag.py:3033} INFO - Sync 1 DAGs
[2025-06-30T02:48:27.433+0000] {logging_mixin.py:188} INFO - [2025-06-30T02:48:27.432+0000] {dag.py:3820} INFO - Setting next_dagrun for weather_data_pipeline to None, run_after=None
[2025-06-30T02:48:27.757+0000] {processor.py:183} INFO - Processing /opt/airflow/dags/data_pipeline_dag.py took 1.202 seconds
[2025-06-30T02:50:01.874+0000] {processor.py:161} INFO - Started process (PID=44210) to work on /opt/airflow/dags/data_pipeline_dag.py
[2025-06-30T02:50:02.052+0000] {processor.py:830} INFO - Processing file /opt/airflow/dags/data_pipeline_dag.py for tasks to queue
[2025-06-30T02:50:02.190+0000] {logging_mixin.py:188} INFO - [2025-06-30T02:50:02.189+0000] {dagbag.py:538} INFO - Filling up the DagBag from /opt/airflow/dags/data_pipeline_dag.py
[2025-06-30T02:50:04.856+0000] {processor.py:840} INFO - DAG(s) 'weather_data_pipeline' retrieved from /opt/airflow/dags/data_pipeline_dag.py
[2025-06-30T02:50:05.334+0000] {logging_mixin.py:188} INFO - [2025-06-30T02:50:05.334+0000] {dag.py:3033} INFO - Sync 1 DAGs
[2025-06-30T02:50:05.603+0000] {logging_mixin.py:188} INFO - [2025-06-30T02:50:05.602+0000] {dag.py:3820} INFO - Setting next_dagrun for weather_data_pipeline to None, run_after=None
[2025-06-30T02:50:05.888+0000] {processor.py:183} INFO - Processing /opt/airflow/dags/data_pipeline_dag.py took 4.091 seconds
[2025-06-30T02:50:36.391+0000] {processor.py:161} INFO - Started process (PID=44216) to work on /opt/airflow/dags/data_pipeline_dag.py
[2025-06-30T02:50:36.394+0000] {processor.py:830} INFO - Processing file /opt/airflow/dags/data_pipeline_dag.py for tasks to queue
[2025-06-30T02:50:36.397+0000] {logging_mixin.py:188} INFO - [2025-06-30T02:50:36.396+0000] {dagbag.py:538} INFO - Filling up the DagBag from /opt/airflow/dags/data_pipeline_dag.py
[2025-06-30T02:50:36.563+0000] {processor.py:840} INFO - DAG(s) 'weather_data_pipeline' retrieved from /opt/airflow/dags/data_pipeline_dag.py
[2025-06-30T02:50:36.615+0000] {logging_mixin.py:188} INFO - [2025-06-30T02:50:36.615+0000] {dag.py:3033} INFO - Sync 1 DAGs
[2025-06-30T02:50:36.649+0000] {logging_mixin.py:188} INFO - [2025-06-30T02:50:36.649+0000] {dag.py:3820} INFO - Setting next_dagrun for weather_data_pipeline to None, run_after=None
[2025-06-30T02:50:36.683+0000] {processor.py:183} INFO - Processing /opt/airflow/dags/data_pipeline_dag.py took 0.299 seconds
[2025-06-30T02:51:07.066+0000] {processor.py:161} INFO - Started process (PID=44221) to work on /opt/airflow/dags/data_pipeline_dag.py
[2025-06-30T02:51:07.075+0000] {processor.py:830} INFO - Processing file /opt/airflow/dags/data_pipeline_dag.py for tasks to queue
[2025-06-30T02:51:07.083+0000] {logging_mixin.py:188} INFO - [2025-06-30T02:51:07.080+0000] {dagbag.py:538} INFO - Filling up the DagBag from /opt/airflow/dags/data_pipeline_dag.py
[2025-06-30T02:51:08.083+0000] {processor.py:840} INFO - DAG(s) 'weather_data_pipeline' retrieved from /opt/airflow/dags/data_pipeline_dag.py
[2025-06-30T02:51:08.426+0000] {logging_mixin.py:188} INFO - [2025-06-30T02:51:08.425+0000] {dag.py:3033} INFO - Sync 1 DAGs
[2025-06-30T02:51:08.961+0000] {logging_mixin.py:188} INFO - [2025-06-30T02:51:08.959+0000] {dag.py:3820} INFO - Setting next_dagrun for weather_data_pipeline to None, run_after=None
[2025-06-30T02:51:09.276+0000] {processor.py:183} INFO - Processing /opt/airflow/dags/data_pipeline_dag.py took 2.255 seconds
[2025-06-30T02:52:23.538+0000] {processor.py:161} INFO - Started process (PID=44227) to work on /opt/airflow/dags/data_pipeline_dag.py
[2025-06-30T02:52:23.540+0000] {processor.py:830} INFO - Processing file /opt/airflow/dags/data_pipeline_dag.py for tasks to queue
[2025-06-30T02:52:23.542+0000] {logging_mixin.py:188} INFO - [2025-06-30T02:52:23.542+0000] {dagbag.py:538} INFO - Filling up the DagBag from /opt/airflow/dags/data_pipeline_dag.py
[2025-06-30T02:52:23.678+0000] {processor.py:840} INFO - DAG(s) 'weather_data_pipeline' retrieved from /opt/airflow/dags/data_pipeline_dag.py
[2025-06-30T02:52:23.729+0000] {logging_mixin.py:188} INFO - [2025-06-30T02:52:23.727+0000] {dag.py:3033} INFO - Sync 1 DAGs
[2025-06-30T02:52:23.789+0000] {logging_mixin.py:188} INFO - [2025-06-30T02:52:23.788+0000] {dag.py:3820} INFO - Setting next_dagrun for weather_data_pipeline to None, run_after=None
[2025-06-30T02:52:23.839+0000] {processor.py:183} INFO - Processing /opt/airflow/dags/data_pipeline_dag.py took 0.308 seconds
[2025-06-30T02:52:54.168+0000] {processor.py:161} INFO - Started process (PID=44233) to work on /opt/airflow/dags/data_pipeline_dag.py
[2025-06-30T02:52:54.171+0000] {processor.py:830} INFO - Processing file /opt/airflow/dags/data_pipeline_dag.py for tasks to queue
[2025-06-30T02:52:54.174+0000] {logging_mixin.py:188} INFO - [2025-06-30T02:52:54.173+0000] {dagbag.py:538} INFO - Filling up the DagBag from /opt/airflow/dags/data_pipeline_dag.py
[2025-06-30T02:52:54.272+0000] {processor.py:840} INFO - DAG(s) 'weather_data_pipeline' retrieved from /opt/airflow/dags/data_pipeline_dag.py
[2025-06-30T02:52:54.310+0000] {logging_mixin.py:188} INFO - [2025-06-30T02:52:54.310+0000] {dag.py:3033} INFO - Sync 1 DAGs
[2025-06-30T02:52:54.344+0000] {logging_mixin.py:188} INFO - [2025-06-30T02:52:54.343+0000] {dag.py:3820} INFO - Setting next_dagrun for weather_data_pipeline to None, run_after=None
[2025-06-30T02:52:54.402+0000] {processor.py:183} INFO - Processing /opt/airflow/dags/data_pipeline_dag.py took 0.239 seconds
[2025-06-30T02:53:24.742+0000] {processor.py:161} INFO - Started process (PID=44238) to work on /opt/airflow/dags/data_pipeline_dag.py
[2025-06-30T02:53:24.744+0000] {processor.py:830} INFO - Processing file /opt/airflow/dags/data_pipeline_dag.py for tasks to queue
[2025-06-30T02:53:24.746+0000] {logging_mixin.py:188} INFO - [2025-06-30T02:53:24.746+0000] {dagbag.py:538} INFO - Filling up the DagBag from /opt/airflow/dags/data_pipeline_dag.py
[2025-06-30T02:53:24.852+0000] {processor.py:840} INFO - DAG(s) 'weather_data_pipeline' retrieved from /opt/airflow/dags/data_pipeline_dag.py
[2025-06-30T02:53:24.896+0000] {logging_mixin.py:188} INFO - [2025-06-30T02:53:24.895+0000] {dag.py:3033} INFO - Sync 1 DAGs
[2025-06-30T02:53:24.935+0000] {logging_mixin.py:188} INFO - [2025-06-30T02:53:24.935+0000] {dag.py:3820} INFO - Setting next_dagrun for weather_data_pipeline to None, run_after=None
[2025-06-30T02:53:24.969+0000] {processor.py:183} INFO - Processing /opt/airflow/dags/data_pipeline_dag.py took 0.232 seconds
