[2025-06-12T18:00:01.381+0000] {taskinstance.py:1957} INFO - Dependencies all met for dep_context=non-requeueable deps ti=<TaskInstance: weather_data_pipeline.start_kafka_producer scheduled__2025-06-12T17:00:00+00:00 [queued]>
[2025-06-12T18:00:01.393+0000] {taskinstance.py:1957} INFO - Dependencies all met for dep_context=requeueable deps ti=<TaskInstance: weather_data_pipeline.start_kafka_producer scheduled__2025-06-12T17:00:00+00:00 [queued]>
[2025-06-12T18:00:01.393+0000] {taskinstance.py:2171} INFO - Starting attempt 1 of 3
[2025-06-12T18:00:01.422+0000] {taskinstance.py:2192} INFO - Executing <Task(BashOperator): start_kafka_producer> on 2025-06-12 17:00:00+00:00
[2025-06-12T18:00:01.428+0000] {standard_task_runner.py:60} INFO - Started process 449 to run task
[2025-06-12T18:00:01.432+0000] {standard_task_runner.py:87} INFO - Running: ['***', 'tasks', 'run', 'weather_data_pipeline', 'start_kafka_producer', 'scheduled__2025-06-12T17:00:00+00:00', '--job-id', '54', '--raw', '--subdir', 'DAGS_FOLDER/data_pipeline_dag.py', '--cfg-path', '/tmp/tmp_ye8rubu']
[2025-06-12T18:00:01.436+0000] {standard_task_runner.py:88} INFO - Job 54: Subtask start_kafka_producer
[2025-06-12T18:00:01.490+0000] {task_command.py:423} INFO - Running <TaskInstance: weather_data_pipeline.start_kafka_producer scheduled__2025-06-12T17:00:00+00:00 [running]> on host 5df86bab078c
[2025-06-12T18:00:01.577+0000] {taskinstance.py:2481} INFO - Exporting env vars: AIRFLOW_CTX_DAG_OWNER='Daniel' AIRFLOW_CTX_DAG_ID='weather_data_pipeline' AIRFLOW_CTX_TASK_ID='start_kafka_producer' AIRFLOW_CTX_EXECUTION_DATE='2025-06-12T17:00:00+00:00' AIRFLOW_CTX_TRY_NUMBER='1' AIRFLOW_CTX_DAG_RUN_ID='scheduled__2025-06-12T17:00:00+00:00'
[2025-06-12T18:00:01.580+0000] {subprocess.py:63} INFO - Tmp dir root location: /tmp
[2025-06-12T18:00:01.581+0000] {subprocess.py:75} INFO - Running command: ['/usr/bin/bash', '-c', 'python3 /opt/***/scripts/real_api_producer.py']
[2025-06-12T18:00:01.596+0000] {subprocess.py:86} INFO - Output:
[2025-06-12T18:05:08.280+0000] {subprocess.py:93} INFO - 🔄 Sending real Indian weather data to Kafka...
[2025-06-12T18:05:08.281+0000] {subprocess.py:93} INFO - ✅ Sent: {'location': 'Delhi', 'temperature': 32.6, 'windspeed': 7.1, 'timestamp': '2025-06-12T18:00'}
[2025-06-12T18:05:08.282+0000] {subprocess.py:93} INFO - ✅ Sent: {'location': 'Mumbai', 'temperature': 30.2, 'windspeed': 11.7, 'timestamp': '2025-06-12T18:00'}
[2025-06-12T18:05:08.283+0000] {subprocess.py:93} INFO - ✅ Sent: {'location': 'Bangalore', 'temperature': 21.8, 'windspeed': 9.2, 'timestamp': '2025-06-12T18:00'}
[2025-06-12T18:05:08.283+0000] {subprocess.py:93} INFO - ✅ Sent: {'location': 'Chennai', 'temperature': 28.8, 'windspeed': 11.4, 'timestamp': '2025-06-12T18:00'}
[2025-06-12T18:05:08.284+0000] {subprocess.py:93} INFO - ✅ Sent: {'location': 'Kolkata', 'temperature': 28.5, 'windspeed': 4.8, 'timestamp': '2025-06-12T18:00'}
[2025-06-12T18:05:08.284+0000] {subprocess.py:93} INFO - ✅ Sent: {'location': 'Hyderabad', 'temperature': 25.1, 'windspeed': 6.8, 'timestamp': '2025-06-12T18:00'}
[2025-06-12T18:05:08.285+0000] {subprocess.py:93} INFO - ✅ Sent: {'location': 'Ahmedabad', 'temperature': 33.2, 'windspeed': 10.1, 'timestamp': '2025-06-12T18:00'}
[2025-06-12T18:05:08.285+0000] {subprocess.py:93} INFO - ✅ Sent: {'location': 'Pune', 'temperature': 25.6, 'windspeed': 8.0, 'timestamp': '2025-06-12T18:00'}
[2025-06-12T18:05:08.286+0000] {subprocess.py:93} INFO - ✅ Sent: {'location': 'Jaipur', 'temperature': 36.0, 'windspeed': 3.3, 'timestamp': '2025-06-12T18:00'}
[2025-06-12T18:05:08.286+0000] {subprocess.py:93} INFO - ✅ Sent: {'location': 'Lucknow', 'temperature': 33.2, 'windspeed': 8.0, 'timestamp': '2025-06-12T18:00'}
[2025-06-12T18:05:08.286+0000] {subprocess.py:93} INFO - ✅ Sent: {'location': 'Kanpur', 'temperature': 33.7, 'windspeed': 10.0, 'timestamp': '2025-06-12T18:00'}
[2025-06-12T18:05:08.286+0000] {subprocess.py:93} INFO - ✅ Sent: {'location': 'Nagpur', 'temperature': 30.6, 'windspeed': 4.6, 'timestamp': '2025-06-12T18:00'}
[2025-06-12T18:05:08.287+0000] {subprocess.py:93} INFO - ✅ Sent: {'location': 'Indore', 'temperature': 31.0, 'windspeed': 7.4, 'timestamp': '2025-06-12T18:00'}
[2025-06-12T18:05:08.287+0000] {subprocess.py:93} INFO - ✅ Sent: {'location': 'Surat', 'temperature': 29.6, 'windspeed': 13.8, 'timestamp': '2025-06-12T18:00'}
[2025-06-12T18:05:08.287+0000] {subprocess.py:93} INFO - ✅ Sent: {'location': 'Bhopal', 'temperature': 32.2, 'windspeed': 11.0, 'timestamp': '2025-06-12T18:00'}
[2025-06-12T18:05:08.287+0000] {subprocess.py:93} INFO - ✅ Sent: {'location': 'Patna', 'temperature': 32.4, 'windspeed': 6.9, 'timestamp': '2025-06-12T18:00'}
[2025-06-12T18:05:08.288+0000] {subprocess.py:93} INFO - ✅ Sent: {'location': 'Ludhiana', 'temperature': 32.0, 'windspeed': 10.5, 'timestamp': '2025-06-12T18:01'}
[2025-06-12T18:05:08.288+0000] {subprocess.py:93} INFO - ✅ Sent: {'location': 'Agra', 'temperature': 33.2, 'windspeed': 9.7, 'timestamp': '2025-06-12T18:01'}
[2025-06-12T18:05:08.288+0000] {subprocess.py:93} INFO - ✅ Sent: {'location': 'Varanasi', 'temperature': 34.2, 'windspeed': 8.6, 'timestamp': '2025-06-12T18:01'}
[2025-06-12T18:05:08.288+0000] {subprocess.py:93} INFO - ✅ Sent: {'location': 'Madurai', 'temperature': 28.1, 'windspeed': 8.7, 'timestamp': '2025-06-12T18:01'}
[2025-06-12T18:05:08.289+0000] {subprocess.py:93} INFO - ✅ Sent: {'location': 'Coimbatore', 'temperature': 23.7, 'windspeed': 16.4, 'timestamp': '2025-06-12T18:01'}
[2025-06-12T18:05:08.289+0000] {subprocess.py:93} INFO - ✅ Sent: {'location': 'Visakhapatnam', 'temperature': 28.3, 'windspeed': 2.2, 'timestamp': '2025-06-12T18:01'}
[2025-06-12T18:05:08.289+0000] {subprocess.py:93} INFO - ✅ Sent: {'location': 'Ranchi', 'temperature': 26.0, 'windspeed': 5.1, 'timestamp': '2025-06-12T18:01'}
[2025-06-12T18:05:08.289+0000] {subprocess.py:93} INFO - ✅ Sent: {'location': 'Bhubaneswar', 'temperature': 27.9, 'windspeed': 2.4, 'timestamp': '2025-06-12T18:01'}
[2025-06-12T18:05:08.289+0000] {subprocess.py:93} INFO - ✅ Sent: {'location': 'Guwahati', 'temperature': 30.8, 'windspeed': 3.7, 'timestamp': '2025-06-12T18:01'}
[2025-06-12T18:05:08.290+0000] {subprocess.py:93} INFO - ✅ Sent: {'location': 'Delhi', 'temperature': 32.6, 'windspeed': 7.1, 'timestamp': '2025-06-12T18:01'}
[2025-06-12T18:05:08.290+0000] {subprocess.py:93} INFO - ✅ Sent: {'location': 'Mumbai', 'temperature': 30.2, 'windspeed': 11.7, 'timestamp': '2025-06-12T18:01'}
[2025-06-12T18:05:08.290+0000] {subprocess.py:93} INFO - ✅ Sent: {'location': 'Bangalore', 'temperature': 21.8, 'windspeed': 9.2, 'timestamp': '2025-06-12T18:02'}
[2025-06-12T18:05:08.290+0000] {subprocess.py:93} INFO - ✅ Sent: {'location': 'Chennai', 'temperature': 28.8, 'windspeed': 11.4, 'timestamp': '2025-06-12T18:02'}
[2025-06-12T18:05:08.291+0000] {subprocess.py:93} INFO - ✅ Sent: {'location': 'Kolkata', 'temperature': 28.5, 'windspeed': 4.8, 'timestamp': '2025-06-12T18:02'}
[2025-06-12T18:05:08.291+0000] {subprocess.py:93} INFO - ✅ Sent: {'location': 'Hyderabad', 'temperature': 25.1, 'windspeed': 6.8, 'timestamp': '2025-06-12T18:02'}
[2025-06-12T18:05:08.292+0000] {subprocess.py:93} INFO - ✅ Sent: {'location': 'Ahmedabad', 'temperature': 33.2, 'windspeed': 10.1, 'timestamp': '2025-06-12T18:02'}
[2025-06-12T18:05:08.292+0000] {subprocess.py:93} INFO - ✅ Sent: {'location': 'Pune', 'temperature': 25.6, 'windspeed': 8.0, 'timestamp': '2025-06-12T18:02'}
[2025-06-12T18:05:08.293+0000] {subprocess.py:93} INFO - ✅ Sent: {'location': 'Jaipur', 'temperature': 36.0, 'windspeed': 3.3, 'timestamp': '2025-06-12T18:02'}
[2025-06-12T18:05:08.294+0000] {subprocess.py:93} INFO - ✅ Sent: {'location': 'Lucknow', 'temperature': 33.2, 'windspeed': 8.0, 'timestamp': '2025-06-12T18:02'}
[2025-06-12T18:05:08.294+0000] {subprocess.py:93} INFO - ✅ Sent: {'location': 'Kanpur', 'temperature': 33.7, 'windspeed': 10.0, 'timestamp': '2025-06-12T18:02'}
[2025-06-12T18:05:08.295+0000] {subprocess.py:93} INFO - ✅ Sent: {'location': 'Nagpur', 'temperature': 30.6, 'windspeed': 4.6, 'timestamp': '2025-06-12T18:02'}
[2025-06-12T18:05:08.295+0000] {subprocess.py:93} INFO - ✅ Sent: {'location': 'Indore', 'temperature': 31.0, 'windspeed': 7.4, 'timestamp': '2025-06-12T18:02'}
[2025-06-12T18:05:08.295+0000] {subprocess.py:93} INFO - ✅ Sent: {'location': 'Surat', 'temperature': 29.6, 'windspeed': 13.8, 'timestamp': '2025-06-12T18:02'}
[2025-06-12T18:05:08.296+0000] {subprocess.py:93} INFO - ✅ Sent: {'location': 'Bhopal', 'temperature': 32.2, 'windspeed': 11.0, 'timestamp': '2025-06-12T18:02'}
[2025-06-12T18:05:08.296+0000] {subprocess.py:93} INFO - ✅ Sent: {'location': 'Patna', 'temperature': 32.4, 'windspeed': 6.9, 'timestamp': '2025-06-12T18:02'}
[2025-06-12T18:05:08.296+0000] {subprocess.py:93} INFO - ✅ Sent: {'location': 'Ludhiana', 'temperature': 32.0, 'windspeed': 10.5, 'timestamp': '2025-06-12T18:02'}
[2025-06-12T18:05:08.297+0000] {subprocess.py:93} INFO - ✅ Sent: {'location': 'Agra', 'temperature': 33.2, 'windspeed': 9.7, 'timestamp': '2025-06-12T18:02'}
[2025-06-12T18:05:08.297+0000] {subprocess.py:93} INFO - ✅ Sent: {'location': 'Varanasi', 'temperature': 34.2, 'windspeed': 8.6, 'timestamp': '2025-06-12T18:03'}
[2025-06-12T18:05:08.297+0000] {subprocess.py:93} INFO - ✅ Sent: {'location': 'Madurai', 'temperature': 28.1, 'windspeed': 8.7, 'timestamp': '2025-06-12T18:03'}
[2025-06-12T18:05:08.298+0000] {subprocess.py:93} INFO - ✅ Sent: {'location': 'Coimbatore', 'temperature': 23.7, 'windspeed': 16.4, 'timestamp': '2025-06-12T18:03'}
[2025-06-12T18:05:08.298+0000] {subprocess.py:93} INFO - ✅ Sent: {'location': 'Visakhapatnam', 'temperature': 28.3, 'windspeed': 2.2, 'timestamp': '2025-06-12T18:03'}
[2025-06-12T18:05:08.298+0000] {subprocess.py:93} INFO - ✅ Sent: {'location': 'Ranchi', 'temperature': 26.0, 'windspeed': 5.1, 'timestamp': '2025-06-12T18:03'}
[2025-06-12T18:05:08.298+0000] {subprocess.py:93} INFO - ✅ Sent: {'location': 'Bhubaneswar', 'temperature': 27.9, 'windspeed': 2.4, 'timestamp': '2025-06-12T18:03'}
[2025-06-12T18:05:08.299+0000] {subprocess.py:93} INFO - ✅ Sent: {'location': 'Guwahati', 'temperature': 30.8, 'windspeed': 3.7, 'timestamp': '2025-06-12T18:03'}
[2025-06-12T18:05:08.299+0000] {subprocess.py:93} INFO - ✅ Sent: {'location': 'Delhi', 'temperature': 32.6, 'windspeed': 7.1, 'timestamp': '2025-06-12T18:03'}
[2025-06-12T18:05:08.299+0000] {subprocess.py:93} INFO - ✅ Sent: {'location': 'Mumbai', 'temperature': 30.2, 'windspeed': 11.7, 'timestamp': '2025-06-12T18:03'}
[2025-06-12T18:05:08.299+0000] {subprocess.py:93} INFO - ✅ Sent: {'location': 'Bangalore', 'temperature': 21.8, 'windspeed': 9.2, 'timestamp': '2025-06-12T18:03'}
[2025-06-12T18:05:08.300+0000] {subprocess.py:93} INFO - ✅ Sent: {'location': 'Chennai', 'temperature': 28.8, 'windspeed': 11.4, 'timestamp': '2025-06-12T18:03'}
[2025-06-12T18:05:08.300+0000] {subprocess.py:93} INFO - ✅ Sent: {'location': 'Kolkata', 'temperature': 28.5, 'windspeed': 4.8, 'timestamp': '2025-06-12T18:03'}
[2025-06-12T18:05:08.300+0000] {subprocess.py:93} INFO - ✅ Sent: {'location': 'Hyderabad', 'temperature': 25.1, 'windspeed': 6.8, 'timestamp': '2025-06-12T18:03'}
[2025-06-12T18:05:08.301+0000] {subprocess.py:93} INFO - ✅ Sent: {'location': 'Ahmedabad', 'temperature': 33.2, 'windspeed': 10.1, 'timestamp': '2025-06-12T18:03'}
[2025-06-12T18:05:08.301+0000] {subprocess.py:93} INFO - ✅ Sent: {'location': 'Pune', 'temperature': 25.6, 'windspeed': 8.0, 'timestamp': '2025-06-12T18:03'}
[2025-06-12T18:05:08.301+0000] {subprocess.py:93} INFO - ✅ Sent: {'location': 'Jaipur', 'temperature': 36.0, 'windspeed': 3.3, 'timestamp': '2025-06-12T18:03'}
[2025-06-12T18:05:08.301+0000] {subprocess.py:93} INFO - ✅ Sent: {'location': 'Lucknow', 'temperature': 33.2, 'windspeed': 8.0, 'timestamp': '2025-06-12T18:03'}
[2025-06-12T18:05:08.301+0000] {subprocess.py:93} INFO - ✅ Sent: {'location': 'Kanpur', 'temperature': 33.7, 'windspeed': 10.0, 'timestamp': '2025-06-12T18:04'}
[2025-06-12T18:05:08.302+0000] {subprocess.py:93} INFO - ✅ Sent: {'location': 'Nagpur', 'temperature': 30.6, 'windspeed': 4.6, 'timestamp': '2025-06-12T18:04'}
[2025-06-12T18:05:08.302+0000] {subprocess.py:93} INFO - ✅ Sent: {'location': 'Indore', 'temperature': 31.0, 'windspeed': 7.4, 'timestamp': '2025-06-12T18:04'}
[2025-06-12T18:05:08.302+0000] {subprocess.py:93} INFO - ✅ Sent: {'location': 'Surat', 'temperature': 29.6, 'windspeed': 13.8, 'timestamp': '2025-06-12T18:04'}
[2025-06-12T18:05:08.302+0000] {subprocess.py:93} INFO - ✅ Sent: {'location': 'Bhopal', 'temperature': 32.2, 'windspeed': 11.0, 'timestamp': '2025-06-12T18:04'}
[2025-06-12T18:05:08.303+0000] {subprocess.py:93} INFO - ✅ Sent: {'location': 'Patna', 'temperature': 32.4, 'windspeed': 6.9, 'timestamp': '2025-06-12T18:04'}
[2025-06-12T18:05:08.303+0000] {subprocess.py:93} INFO - ✅ Sent: {'location': 'Ludhiana', 'temperature': 32.0, 'windspeed': 10.5, 'timestamp': '2025-06-12T18:04'}
[2025-06-12T18:05:08.303+0000] {subprocess.py:93} INFO - ✅ Sent: {'location': 'Agra', 'temperature': 33.2, 'windspeed': 9.7, 'timestamp': '2025-06-12T18:04'}
[2025-06-12T18:05:08.304+0000] {subprocess.py:93} INFO - ✅ Sent: {'location': 'Varanasi', 'temperature': 34.2, 'windspeed': 8.6, 'timestamp': '2025-06-12T18:04'}
[2025-06-12T18:05:08.304+0000] {subprocess.py:93} INFO - ✅ Sent: {'location': 'Madurai', 'temperature': 28.1, 'windspeed': 8.7, 'timestamp': '2025-06-12T18:04'}
[2025-06-12T18:05:08.304+0000] {subprocess.py:93} INFO - ✅ Sent: {'location': 'Coimbatore', 'temperature': 23.7, 'windspeed': 16.4, 'timestamp': '2025-06-12T18:04'}
[2025-06-12T18:05:08.305+0000] {subprocess.py:93} INFO - ✅ Sent: {'location': 'Visakhapatnam', 'temperature': 28.3, 'windspeed': 2.2, 'timestamp': '2025-06-12T18:04'}
[2025-06-12T18:05:08.305+0000] {subprocess.py:93} INFO - ✅ Sent: {'location': 'Ranchi', 'temperature': 26.0, 'windspeed': 5.1, 'timestamp': '2025-06-12T18:04'}
[2025-06-12T18:05:08.305+0000] {subprocess.py:93} INFO - ✅ Sent: {'location': 'Bhubaneswar', 'temperature': 27.9, 'windspeed': 2.4, 'timestamp': '2025-06-12T18:04'}
[2025-06-12T18:05:08.305+0000] {subprocess.py:93} INFO - ✅ Sent: {'location': 'Guwahati', 'temperature': 30.8, 'windspeed': 3.7, 'timestamp': '2025-06-12T18:04'}
[2025-06-12T18:05:08.306+0000] {subprocess.py:93} INFO - ✅ Sent: {'location': 'Delhi', 'temperature': 32.6, 'windspeed': 7.1, 'timestamp': '2025-06-12T18:05'}
[2025-06-12T18:10:38.344+0000] {subprocess.py:93} INFO - ✅ Sent: {'location': 'Mumbai', 'temperature': 30.2, 'windspeed': 11.7, 'timestamp': '2025-06-12T18:05'}
[2025-06-12T18:10:38.344+0000] {subprocess.py:93} INFO - ✅ Sent: {'location': 'Bangalore', 'temperature': 21.8, 'windspeed': 9.2, 'timestamp': '2025-06-12T18:05'}
[2025-06-12T18:10:38.345+0000] {subprocess.py:93} INFO - ✅ Sent: {'location': 'Chennai', 'temperature': 28.8, 'windspeed': 11.4, 'timestamp': '2025-06-12T18:05'}
[2025-06-12T18:10:38.346+0000] {subprocess.py:93} INFO - ✅ Sent: {'location': 'Kolkata', 'temperature': 28.5, 'windspeed': 4.8, 'timestamp': '2025-06-12T18:05'}
[2025-06-12T18:10:38.346+0000] {subprocess.py:93} INFO - ✅ Sent: {'location': 'Hyderabad', 'temperature': 25.1, 'windspeed': 6.8, 'timestamp': '2025-06-12T18:05'}
[2025-06-12T18:10:38.346+0000] {subprocess.py:93} INFO - ✅ Sent: {'location': 'Ahmedabad', 'temperature': 33.2, 'windspeed': 10.1, 'timestamp': '2025-06-12T18:05'}
[2025-06-12T18:10:38.346+0000] {subprocess.py:93} INFO - ✅ Sent: {'location': 'Pune', 'temperature': 25.6, 'windspeed': 8.0, 'timestamp': '2025-06-12T18:05'}
[2025-06-12T18:10:38.347+0000] {subprocess.py:93} INFO - ✅ Sent: {'location': 'Jaipur', 'temperature': 36.0, 'windspeed': 3.3, 'timestamp': '2025-06-12T18:05'}
[2025-06-12T18:10:38.347+0000] {subprocess.py:93} INFO - ✅ Sent: {'location': 'Lucknow', 'temperature': 33.2, 'windspeed': 8.0, 'timestamp': '2025-06-12T18:05'}
[2025-06-12T18:10:38.347+0000] {subprocess.py:93} INFO - ✅ Sent: {'location': 'Kanpur', 'temperature': 33.7, 'windspeed': 10.0, 'timestamp': '2025-06-12T18:05'}
[2025-06-12T18:10:38.347+0000] {subprocess.py:93} INFO - ✅ Sent: {'location': 'Nagpur', 'temperature': 30.6, 'windspeed': 4.6, 'timestamp': '2025-06-12T18:06'}
[2025-06-12T18:10:38.347+0000] {subprocess.py:93} INFO - ✅ Sent: {'location': 'Indore', 'temperature': 31.0, 'windspeed': 7.4, 'timestamp': '2025-06-12T18:06'}
[2025-06-12T18:10:38.348+0000] {subprocess.py:93} INFO - ✅ Sent: {'location': 'Surat', 'temperature': 29.6, 'windspeed': 13.8, 'timestamp': '2025-06-12T18:06'}
[2025-06-12T18:10:38.348+0000] {subprocess.py:93} INFO - ✅ Sent: {'location': 'Bhopal', 'temperature': 32.2, 'windspeed': 11.0, 'timestamp': '2025-06-12T18:06'}
[2025-06-12T18:10:38.348+0000] {subprocess.py:93} INFO - ✅ Sent: {'location': 'Patna', 'temperature': 32.4, 'windspeed': 6.9, 'timestamp': '2025-06-12T18:06'}
[2025-06-12T18:10:38.348+0000] {subprocess.py:93} INFO - ✅ Sent: {'location': 'Ludhiana', 'temperature': 32.0, 'windspeed': 10.5, 'timestamp': '2025-06-12T18:06'}
[2025-06-12T18:10:38.348+0000] {subprocess.py:93} INFO - ✅ Sent: {'location': 'Agra', 'temperature': 33.2, 'windspeed': 9.7, 'timestamp': '2025-06-12T18:06'}
[2025-06-12T18:10:38.349+0000] {subprocess.py:93} INFO - ✅ Sent: {'location': 'Varanasi', 'temperature': 34.2, 'windspeed': 8.6, 'timestamp': '2025-06-12T18:06'}
[2025-06-12T18:10:38.349+0000] {subprocess.py:93} INFO - ✅ Sent: {'location': 'Madurai', 'temperature': 28.1, 'windspeed': 8.7, 'timestamp': '2025-06-12T18:06'}
[2025-06-12T18:10:38.349+0000] {subprocess.py:93} INFO - ✅ Sent: {'location': 'Coimbatore', 'temperature': 23.7, 'windspeed': 16.4, 'timestamp': '2025-06-12T18:06'}
[2025-06-12T18:10:38.350+0000] {subprocess.py:93} INFO - ✅ Sent: {'location': 'Visakhapatnam', 'temperature': 28.3, 'windspeed': 2.2, 'timestamp': '2025-06-12T18:06'}
[2025-06-12T18:10:38.350+0000] {subprocess.py:93} INFO - ✅ Sent: {'location': 'Ranchi', 'temperature': 26.0, 'windspeed': 5.1, 'timestamp': '2025-06-12T18:06'}
[2025-06-12T18:10:38.350+0000] {subprocess.py:93} INFO - ✅ Sent: {'location': 'Bhubaneswar', 'temperature': 27.9, 'windspeed': 2.4, 'timestamp': '2025-06-12T18:06'}
[2025-06-12T18:10:38.350+0000] {subprocess.py:93} INFO - ✅ Sent: {'location': 'Guwahati', 'temperature': 30.8, 'windspeed': 3.7, 'timestamp': '2025-06-12T18:06'}
[2025-06-12T18:10:38.351+0000] {subprocess.py:93} INFO - ✅ Sent: {'location': 'Delhi', 'temperature': 32.6, 'windspeed': 7.1, 'timestamp': '2025-06-12T18:06'}
[2025-06-12T18:10:38.351+0000] {subprocess.py:93} INFO - ✅ Sent: {'location': 'Mumbai', 'temperature': 30.2, 'windspeed': 11.7, 'timestamp': '2025-06-12T18:06'}
[2025-06-12T18:10:38.351+0000] {subprocess.py:93} INFO - ✅ Sent: {'location': 'Bangalore', 'temperature': 21.8, 'windspeed': 9.2, 'timestamp': '2025-06-12T18:07'}
[2025-06-12T18:10:38.351+0000] {subprocess.py:93} INFO - ✅ Sent: {'location': 'Chennai', 'temperature': 28.8, 'windspeed': 11.4, 'timestamp': '2025-06-12T18:07'}
[2025-06-12T18:10:38.352+0000] {subprocess.py:93} INFO - ✅ Sent: {'location': 'Kolkata', 'temperature': 28.5, 'windspeed': 4.8, 'timestamp': '2025-06-12T18:07'}
[2025-06-12T18:10:38.352+0000] {subprocess.py:93} INFO - ✅ Sent: {'location': 'Hyderabad', 'temperature': 25.1, 'windspeed': 6.8, 'timestamp': '2025-06-12T18:07'}
[2025-06-12T18:10:38.352+0000] {subprocess.py:93} INFO - ✅ Sent: {'location': 'Ahmedabad', 'temperature': 33.2, 'windspeed': 10.1, 'timestamp': '2025-06-12T18:07'}
[2025-06-12T18:10:38.352+0000] {subprocess.py:93} INFO - ✅ Sent: {'location': 'Pune', 'temperature': 25.6, 'windspeed': 8.0, 'timestamp': '2025-06-12T18:07'}
[2025-06-12T18:10:38.353+0000] {subprocess.py:93} INFO - ✅ Sent: {'location': 'Jaipur', 'temperature': 36.0, 'windspeed': 3.3, 'timestamp': '2025-06-12T18:07'}
[2025-06-12T18:10:38.353+0000] {subprocess.py:93} INFO - ✅ Sent: {'location': 'Lucknow', 'temperature': 33.2, 'windspeed': 8.0, 'timestamp': '2025-06-12T18:07'}
[2025-06-12T18:10:38.353+0000] {subprocess.py:93} INFO - ✅ Sent: {'location': 'Kanpur', 'temperature': 33.7, 'windspeed': 10.0, 'timestamp': '2025-06-12T18:07'}
[2025-06-12T18:10:38.353+0000] {subprocess.py:93} INFO - ✅ Sent: {'location': 'Nagpur', 'temperature': 30.6, 'windspeed': 4.6, 'timestamp': '2025-06-12T18:07'}
[2025-06-12T18:10:38.353+0000] {subprocess.py:93} INFO - ✅ Sent: {'location': 'Indore', 'temperature': 31.0, 'windspeed': 7.4, 'timestamp': '2025-06-12T18:07'}
[2025-06-12T18:10:38.354+0000] {subprocess.py:93} INFO - ✅ Sent: {'location': 'Surat', 'temperature': 29.6, 'windspeed': 13.8, 'timestamp': '2025-06-12T18:07'}
[2025-06-12T18:10:38.354+0000] {subprocess.py:93} INFO - ✅ Sent: {'location': 'Bhopal', 'temperature': 32.2, 'windspeed': 11.0, 'timestamp': '2025-06-12T18:07'}
[2025-06-12T18:10:38.354+0000] {subprocess.py:93} INFO - ✅ Sent: {'location': 'Patna', 'temperature': 32.4, 'windspeed': 6.9, 'timestamp': '2025-06-12T18:07'}
[2025-06-12T18:10:38.354+0000] {subprocess.py:93} INFO - ✅ Sent: {'location': 'Ludhiana', 'temperature': 32.0, 'windspeed': 10.5, 'timestamp': '2025-06-12T18:07'}
[2025-06-12T18:10:38.354+0000] {subprocess.py:93} INFO - ✅ Sent: {'location': 'Agra', 'temperature': 33.2, 'windspeed': 9.7, 'timestamp': '2025-06-12T18:08'}
[2025-06-12T18:10:38.355+0000] {subprocess.py:93} INFO - ✅ Sent: {'location': 'Varanasi', 'temperature': 34.2, 'windspeed': 8.6, 'timestamp': '2025-06-12T18:08'}
[2025-06-12T18:10:38.355+0000] {subprocess.py:93} INFO - ✅ Sent: {'location': 'Madurai', 'temperature': 28.1, 'windspeed': 8.7, 'timestamp': '2025-06-12T18:08'}
[2025-06-12T18:10:38.355+0000] {subprocess.py:93} INFO - ✅ Sent: {'location': 'Coimbatore', 'temperature': 23.7, 'windspeed': 16.4, 'timestamp': '2025-06-12T18:08'}
[2025-06-12T18:10:38.355+0000] {subprocess.py:93} INFO - ✅ Sent: {'location': 'Visakhapatnam', 'temperature': 28.3, 'windspeed': 2.2, 'timestamp': '2025-06-12T18:08'}
[2025-06-12T18:10:38.355+0000] {subprocess.py:93} INFO - ✅ Sent: {'location': 'Ranchi', 'temperature': 26.0, 'windspeed': 5.1, 'timestamp': '2025-06-12T18:08'}
[2025-06-12T18:10:38.355+0000] {subprocess.py:93} INFO - ✅ Sent: {'location': 'Bhubaneswar', 'temperature': 27.9, 'windspeed': 2.4, 'timestamp': '2025-06-12T18:08'}
[2025-06-12T18:10:38.356+0000] {subprocess.py:93} INFO - ✅ Sent: {'location': 'Guwahati', 'temperature': 30.8, 'windspeed': 3.7, 'timestamp': '2025-06-12T18:08'}
[2025-06-12T18:10:38.356+0000] {subprocess.py:93} INFO - ✅ Sent: {'location': 'Delhi', 'temperature': 32.6, 'windspeed': 7.1, 'timestamp': '2025-06-12T18:08'}
[2025-06-12T18:10:38.356+0000] {subprocess.py:93} INFO - ✅ Sent: {'location': 'Mumbai', 'temperature': 30.2, 'windspeed': 11.7, 'timestamp': '2025-06-12T18:08'}
[2025-06-12T18:10:38.356+0000] {subprocess.py:93} INFO - ✅ Sent: {'location': 'Bangalore', 'temperature': 21.8, 'windspeed': 9.2, 'timestamp': '2025-06-12T18:08'}
[2025-06-12T18:10:38.356+0000] {subprocess.py:93} INFO - ✅ Sent: {'location': 'Chennai', 'temperature': 28.8, 'windspeed': 11.4, 'timestamp': '2025-06-12T18:08'}
[2025-06-12T18:10:38.357+0000] {subprocess.py:93} INFO - ✅ Sent: {'location': 'Kolkata', 'temperature': 28.5, 'windspeed': 4.8, 'timestamp': '2025-06-12T18:08'}
[2025-06-12T18:10:38.357+0000] {subprocess.py:93} INFO - ✅ Sent: {'location': 'Hyderabad', 'temperature': 25.1, 'windspeed': 6.8, 'timestamp': '2025-06-12T18:09'}
[2025-06-12T18:10:38.357+0000] {subprocess.py:93} INFO - ✅ Sent: {'location': 'Ahmedabad', 'temperature': 33.2, 'windspeed': 10.1, 'timestamp': '2025-06-12T18:09'}
[2025-06-12T18:10:38.357+0000] {subprocess.py:93} INFO - ✅ Sent: {'location': 'Pune', 'temperature': 25.6, 'windspeed': 8.0, 'timestamp': '2025-06-12T18:09'}
[2025-06-12T18:10:38.357+0000] {subprocess.py:93} INFO - ✅ Sent: {'location': 'Jaipur', 'temperature': 36.0, 'windspeed': 3.3, 'timestamp': '2025-06-12T18:09'}
[2025-06-12T18:10:38.358+0000] {subprocess.py:93} INFO - ✅ Sent: {'location': 'Lucknow', 'temperature': 33.2, 'windspeed': 8.0, 'timestamp': '2025-06-12T18:09'}
[2025-06-12T18:10:38.358+0000] {subprocess.py:93} INFO - ✅ Sent: {'location': 'Kanpur', 'temperature': 33.7, 'windspeed': 10.0, 'timestamp': '2025-06-12T18:09'}
[2025-06-12T18:10:38.358+0000] {subprocess.py:93} INFO - ✅ Sent: {'location': 'Nagpur', 'temperature': 30.6, 'windspeed': 4.6, 'timestamp': '2025-06-12T18:09'}
[2025-06-12T18:10:38.358+0000] {subprocess.py:93} INFO - ✅ Sent: {'location': 'Indore', 'temperature': 31.0, 'windspeed': 7.4, 'timestamp': '2025-06-12T18:09'}
[2025-06-12T18:10:38.359+0000] {subprocess.py:93} INFO - ✅ Sent: {'location': 'Surat', 'temperature': 29.6, 'windspeed': 13.8, 'timestamp': '2025-06-12T18:09'}
[2025-06-12T18:10:38.359+0000] {subprocess.py:93} INFO - ✅ Sent: {'location': 'Bhopal', 'temperature': 32.2, 'windspeed': 11.0, 'timestamp': '2025-06-12T18:09'}
[2025-06-12T18:10:38.359+0000] {subprocess.py:93} INFO - ✅ Sent: {'location': 'Patna', 'temperature': 32.4, 'windspeed': 6.9, 'timestamp': '2025-06-12T18:09'}
[2025-06-12T18:10:38.360+0000] {subprocess.py:93} INFO - ✅ Sent: {'location': 'Ludhiana', 'temperature': 32.0, 'windspeed': 10.5, 'timestamp': '2025-06-12T18:09'}
[2025-06-12T18:10:38.360+0000] {subprocess.py:93} INFO - ✅ Sent: {'location': 'Agra', 'temperature': 33.2, 'windspeed': 9.7, 'timestamp': '2025-06-12T18:09'}
[2025-06-12T18:10:38.360+0000] {subprocess.py:93} INFO - ✅ Sent: {'location': 'Varanasi', 'temperature': 34.2, 'windspeed': 8.6, 'timestamp': '2025-06-12T18:10'}
[2025-06-12T18:10:38.360+0000] {subprocess.py:93} INFO - ✅ Sent: {'location': 'Madurai', 'temperature': 28.1, 'windspeed': 8.7, 'timestamp': '2025-06-12T18:10'}
[2025-06-12T18:10:38.361+0000] {subprocess.py:93} INFO - ✅ Sent: {'location': 'Coimbatore', 'temperature': 23.7, 'windspeed': 16.4, 'timestamp': '2025-06-12T18:10'}
[2025-06-12T18:10:38.361+0000] {subprocess.py:93} INFO - ✅ Sent: {'location': 'Visakhapatnam', 'temperature': 28.3, 'windspeed': 2.2, 'timestamp': '2025-06-12T18:10'}
[2025-06-12T18:10:38.361+0000] {subprocess.py:93} INFO - ✅ Sent: {'location': 'Ranchi', 'temperature': 26.0, 'windspeed': 5.1, 'timestamp': '2025-06-12T18:10'}
[2025-06-12T18:10:38.362+0000] {subprocess.py:93} INFO - ✅ Sent: {'location': 'Bhubaneswar', 'temperature': 27.9, 'windspeed': 2.4, 'timestamp': '2025-06-12T18:10'}
[2025-06-12T18:10:38.362+0000] {subprocess.py:93} INFO - ✅ Sent: {'location': 'Guwahati', 'temperature': 30.8, 'windspeed': 3.7, 'timestamp': '2025-06-12T18:10'}
[2025-06-12T18:10:38.362+0000] {subprocess.py:93} INFO - ✅ Sent: {'location': 'Delhi', 'temperature': 32.6, 'windspeed': 7.1, 'timestamp': '2025-06-12T18:10'}
[2025-06-12T18:10:38.362+0000] {subprocess.py:93} INFO - ✅ Sent: {'location': 'Mumbai', 'temperature': 30.2, 'windspeed': 11.7, 'timestamp': '2025-06-12T18:10'}
[2025-06-12T18:15:59.915+0000] {subprocess.py:93} INFO - ✅ Sent: {'location': 'Bangalore', 'temperature': 21.8, 'windspeed': 9.2, 'timestamp': '2025-06-12T18:10'}
[2025-06-12T18:15:59.916+0000] {subprocess.py:93} INFO - ✅ Sent: {'location': 'Chennai', 'temperature': 28.8, 'windspeed': 11.4, 'timestamp': '2025-06-12T18:10'}
[2025-06-12T18:15:59.917+0000] {subprocess.py:93} INFO - ✅ Sent: {'location': 'Kolkata', 'temperature': 28.5, 'windspeed': 4.8, 'timestamp': '2025-06-12T18:10'}
[2025-06-12T18:15:59.918+0000] {subprocess.py:93} INFO - ✅ Sent: {'location': 'Hyderabad', 'temperature': 25.1, 'windspeed': 6.8, 'timestamp': '2025-06-12T18:10'}
[2025-06-12T18:15:59.919+0000] {subprocess.py:93} INFO - ✅ Sent: {'location': 'Ahmedabad', 'temperature': 33.2, 'windspeed': 10.1, 'timestamp': '2025-06-12T18:10'}
[2025-06-12T18:15:59.919+0000] {subprocess.py:93} INFO - ✅ Sent: {'location': 'Pune', 'temperature': 25.6, 'windspeed': 8.0, 'timestamp': '2025-06-12T18:11'}
[2025-06-12T18:15:59.920+0000] {subprocess.py:93} INFO - ✅ Sent: {'location': 'Jaipur', 'temperature': 36.0, 'windspeed': 3.3, 'timestamp': '2025-06-12T18:11'}
[2025-06-12T18:15:59.920+0000] {subprocess.py:93} INFO - ✅ Sent: {'location': 'Lucknow', 'temperature': 33.2, 'windspeed': 8.0, 'timestamp': '2025-06-12T18:11'}
[2025-06-12T18:15:59.921+0000] {subprocess.py:93} INFO - ✅ Sent: {'location': 'Kanpur', 'temperature': 33.7, 'windspeed': 10.0, 'timestamp': '2025-06-12T18:11'}
[2025-06-12T18:15:59.922+0000] {subprocess.py:93} INFO - ✅ Sent: {'location': 'Nagpur', 'temperature': 30.6, 'windspeed': 4.6, 'timestamp': '2025-06-12T18:11'}
[2025-06-12T18:15:59.923+0000] {subprocess.py:93} INFO - ✅ Sent: {'location': 'Indore', 'temperature': 31.0, 'windspeed': 7.4, 'timestamp': '2025-06-12T18:11'}
[2025-06-12T18:15:59.923+0000] {subprocess.py:93} INFO - ✅ Sent: {'location': 'Surat', 'temperature': 29.6, 'windspeed': 13.8, 'timestamp': '2025-06-12T18:11'}
[2025-06-12T18:15:59.924+0000] {subprocess.py:93} INFO - ✅ Sent: {'location': 'Bhopal', 'temperature': 32.2, 'windspeed': 11.0, 'timestamp': '2025-06-12T18:11'}
[2025-06-12T18:15:59.924+0000] {subprocess.py:93} INFO - ✅ Sent: {'location': 'Patna', 'temperature': 32.4, 'windspeed': 6.9, 'timestamp': '2025-06-12T18:11'}
[2025-06-12T18:15:59.925+0000] {subprocess.py:93} INFO - ✅ Sent: {'location': 'Ludhiana', 'temperature': 32.0, 'windspeed': 10.5, 'timestamp': '2025-06-12T18:11'}
[2025-06-12T18:15:59.926+0000] {subprocess.py:93} INFO - ✅ Sent: {'location': 'Agra', 'temperature': 33.2, 'windspeed': 9.7, 'timestamp': '2025-06-12T18:11'}
[2025-06-12T18:15:59.926+0000] {subprocess.py:93} INFO - ✅ Sent: {'location': 'Varanasi', 'temperature': 34.2, 'windspeed': 8.6, 'timestamp': '2025-06-12T18:11'}
[2025-06-12T18:15:59.926+0000] {subprocess.py:93} INFO - ✅ Sent: {'location': 'Madurai', 'temperature': 28.1, 'windspeed': 8.7, 'timestamp': '2025-06-12T18:11'}
[2025-06-12T18:15:59.927+0000] {subprocess.py:93} INFO - ✅ Sent: {'location': 'Coimbatore', 'temperature': 23.7, 'windspeed': 16.4, 'timestamp': '2025-06-12T18:12'}
[2025-06-12T18:15:59.927+0000] {subprocess.py:93} INFO - ✅ Sent: {'location': 'Visakhapatnam', 'temperature': 28.3, 'windspeed': 2.2, 'timestamp': '2025-06-12T18:12'}
[2025-06-12T18:15:59.928+0000] {subprocess.py:93} INFO - ✅ Sent: {'location': 'Ranchi', 'temperature': 26.0, 'windspeed': 5.1, 'timestamp': '2025-06-12T18:12'}
[2025-06-12T18:15:59.928+0000] {subprocess.py:93} INFO - ✅ Sent: {'location': 'Bhubaneswar', 'temperature': 27.9, 'windspeed': 2.4, 'timestamp': '2025-06-12T18:12'}
[2025-06-12T18:15:59.929+0000] {subprocess.py:93} INFO - ✅ Sent: {'location': 'Guwahati', 'temperature': 30.8, 'windspeed': 3.7, 'timestamp': '2025-06-12T18:12'}
[2025-06-12T18:15:59.929+0000] {subprocess.py:93} INFO - ✅ Sent: {'location': 'Delhi', 'temperature': 32.6, 'windspeed': 7.1, 'timestamp': '2025-06-12T18:12'}
[2025-06-12T18:15:59.930+0000] {subprocess.py:93} INFO - ✅ Sent: {'location': 'Mumbai', 'temperature': 30.2, 'windspeed': 11.7, 'timestamp': '2025-06-12T18:12'}
[2025-06-12T18:15:59.930+0000] {subprocess.py:93} INFO - ✅ Sent: {'location': 'Bangalore', 'temperature': 21.8, 'windspeed': 9.2, 'timestamp': '2025-06-12T18:12'}
[2025-06-12T18:15:59.931+0000] {subprocess.py:93} INFO - ✅ Sent: {'location': 'Chennai', 'temperature': 28.8, 'windspeed': 11.4, 'timestamp': '2025-06-12T18:12'}
[2025-06-12T18:15:59.931+0000] {subprocess.py:93} INFO - ✅ Sent: {'location': 'Kolkata', 'temperature': 28.5, 'windspeed': 4.8, 'timestamp': '2025-06-12T18:12'}
[2025-06-12T18:15:59.931+0000] {subprocess.py:93} INFO - ✅ Sent: {'location': 'Hyderabad', 'temperature': 25.1, 'windspeed': 6.8, 'timestamp': '2025-06-12T18:12'}
[2025-06-12T18:15:59.932+0000] {subprocess.py:93} INFO - ✅ Sent: {'location': 'Ahmedabad', 'temperature': 33.2, 'windspeed': 10.1, 'timestamp': '2025-06-12T18:12'}
[2025-06-12T18:15:59.932+0000] {subprocess.py:93} INFO - ✅ Sent: {'location': 'Pune', 'temperature': 25.6, 'windspeed': 8.0, 'timestamp': '2025-06-12T18:12'}
[2025-06-12T18:15:59.932+0000] {subprocess.py:93} INFO - ✅ Sent: {'location': 'Jaipur', 'temperature': 36.0, 'windspeed': 3.3, 'timestamp': '2025-06-12T18:12'}
[2025-06-12T18:15:59.933+0000] {subprocess.py:93} INFO - ✅ Sent: {'location': 'Lucknow', 'temperature': 33.2, 'windspeed': 8.0, 'timestamp': '2025-06-12T18:13'}
[2025-06-12T18:15:59.933+0000] {subprocess.py:93} INFO - ✅ Sent: {'location': 'Kanpur', 'temperature': 33.7, 'windspeed': 10.0, 'timestamp': '2025-06-12T18:13'}
[2025-06-12T18:15:59.934+0000] {subprocess.py:93} INFO - ✅ Sent: {'location': 'Nagpur', 'temperature': 30.6, 'windspeed': 4.6, 'timestamp': '2025-06-12T18:13'}
[2025-06-12T18:15:59.934+0000] {subprocess.py:93} INFO - ✅ Sent: {'location': 'Indore', 'temperature': 31.0, 'windspeed': 7.4, 'timestamp': '2025-06-12T18:13'}
[2025-06-12T18:15:59.934+0000] {subprocess.py:93} INFO - ✅ Sent: {'location': 'Surat', 'temperature': 29.6, 'windspeed': 13.8, 'timestamp': '2025-06-12T18:13'}
[2025-06-12T18:15:59.935+0000] {subprocess.py:93} INFO - ✅ Sent: {'location': 'Bhopal', 'temperature': 32.2, 'windspeed': 11.0, 'timestamp': '2025-06-12T18:13'}
[2025-06-12T18:15:59.935+0000] {subprocess.py:93} INFO - ✅ Sent: {'location': 'Patna', 'temperature': 32.4, 'windspeed': 6.9, 'timestamp': '2025-06-12T18:13'}
[2025-06-12T18:15:59.935+0000] {subprocess.py:93} INFO - ✅ Sent: {'location': 'Ludhiana', 'temperature': 32.0, 'windspeed': 10.5, 'timestamp': '2025-06-12T18:13'}
[2025-06-12T18:15:59.936+0000] {subprocess.py:93} INFO - ✅ Sent: {'location': 'Agra', 'temperature': 33.2, 'windspeed': 9.7, 'timestamp': '2025-06-12T18:13'}
[2025-06-12T18:15:59.936+0000] {subprocess.py:93} INFO - ✅ Sent: {'location': 'Varanasi', 'temperature': 34.2, 'windspeed': 8.6, 'timestamp': '2025-06-12T18:13'}
[2025-06-12T18:15:59.936+0000] {subprocess.py:93} INFO - ✅ Sent: {'location': 'Madurai', 'temperature': 28.1, 'windspeed': 8.7, 'timestamp': '2025-06-12T18:13'}
[2025-06-12T18:15:59.937+0000] {subprocess.py:93} INFO - ✅ Sent: {'location': 'Coimbatore', 'temperature': 23.7, 'windspeed': 16.4, 'timestamp': '2025-06-12T18:13'}
[2025-06-12T18:15:59.937+0000] {subprocess.py:93} INFO - ✅ Sent: {'location': 'Visakhapatnam', 'temperature': 28.3, 'windspeed': 2.2, 'timestamp': '2025-06-12T18:13'}
[2025-06-12T18:15:59.937+0000] {subprocess.py:93} INFO - ✅ Sent: {'location': 'Ranchi', 'temperature': 26.0, 'windspeed': 5.1, 'timestamp': '2025-06-12T18:13'}
[2025-06-12T18:15:59.938+0000] {subprocess.py:93} INFO - ✅ Sent: {'location': 'Bhubaneswar', 'temperature': 27.9, 'windspeed': 2.4, 'timestamp': '2025-06-12T18:13'}
[2025-06-12T18:15:59.938+0000] {subprocess.py:93} INFO - ✅ Sent: {'location': 'Guwahati', 'temperature': 30.8, 'windspeed': 3.7, 'timestamp': '2025-06-12T18:13'}
[2025-06-12T18:15:59.938+0000] {subprocess.py:93} INFO - ✅ Sent: {'location': 'Delhi', 'temperature': 32.6, 'windspeed': 7.1, 'timestamp': '2025-06-12T18:13'}
[2025-06-12T18:15:59.939+0000] {subprocess.py:93} INFO - ✅ Sent: {'location': 'Mumbai', 'temperature': 30.2, 'windspeed': 11.7, 'timestamp': '2025-06-12T18:14'}
[2025-06-12T18:15:59.939+0000] {subprocess.py:93} INFO - ✅ Sent: {'location': 'Bangalore', 'temperature': 21.8, 'windspeed': 9.2, 'timestamp': '2025-06-12T18:14'}
[2025-06-12T18:15:59.939+0000] {subprocess.py:93} INFO - ✅ Sent: {'location': 'Chennai', 'temperature': 28.8, 'windspeed': 11.4, 'timestamp': '2025-06-12T18:14'}
[2025-06-12T18:15:59.940+0000] {subprocess.py:93} INFO - ✅ Sent: {'location': 'Kolkata', 'temperature': 28.5, 'windspeed': 4.8, 'timestamp': '2025-06-12T18:14'}
[2025-06-12T18:15:59.940+0000] {subprocess.py:93} INFO - ✅ Sent: {'location': 'Hyderabad', 'temperature': 25.1, 'windspeed': 6.8, 'timestamp': '2025-06-12T18:14'}
[2025-06-12T18:15:59.941+0000] {subprocess.py:93} INFO - ✅ Sent: {'location': 'Ahmedabad', 'temperature': 33.2, 'windspeed': 10.1, 'timestamp': '2025-06-12T18:14'}
[2025-06-12T18:15:59.941+0000] {subprocess.py:93} INFO - ✅ Sent: {'location': 'Pune', 'temperature': 25.6, 'windspeed': 8.0, 'timestamp': '2025-06-12T18:14'}
[2025-06-12T18:15:59.941+0000] {subprocess.py:93} INFO - ✅ Sent: {'location': 'Jaipur', 'temperature': 36.0, 'windspeed': 3.3, 'timestamp': '2025-06-12T18:14'}
[2025-06-12T18:15:59.941+0000] {subprocess.py:93} INFO - ✅ Sent: {'location': 'Lucknow', 'temperature': 33.2, 'windspeed': 8.0, 'timestamp': '2025-06-12T18:14'}
[2025-06-12T18:15:59.942+0000] {subprocess.py:93} INFO - ✅ Sent: {'location': 'Kanpur', 'temperature': 33.7, 'windspeed': 10.0, 'timestamp': '2025-06-12T18:14'}
[2025-06-12T18:15:59.942+0000] {subprocess.py:93} INFO - ✅ Sent: {'location': 'Nagpur', 'temperature': 30.6, 'windspeed': 4.6, 'timestamp': '2025-06-12T18:14'}
[2025-06-12T18:15:59.942+0000] {subprocess.py:93} INFO - ✅ Sent: {'location': 'Indore', 'temperature': 31.0, 'windspeed': 7.4, 'timestamp': '2025-06-12T18:14'}
[2025-06-12T18:15:59.943+0000] {subprocess.py:93} INFO - ✅ Sent: {'location': 'Surat', 'temperature': 29.6, 'windspeed': 13.8, 'timestamp': '2025-06-12T18:14'}
[2025-06-12T18:15:59.944+0000] {subprocess.py:93} INFO - ✅ Sent: {'location': 'Bhopal', 'temperature': 32.2, 'windspeed': 11.0, 'timestamp': '2025-06-12T18:14'}
[2025-06-12T18:15:59.944+0000] {subprocess.py:93} INFO - ✅ Sent: {'location': 'Patna', 'temperature': 32.2, 'windspeed': 6.6, 'timestamp': '2025-06-12T18:15'}
[2025-06-12T18:15:59.944+0000] {subprocess.py:93} INFO - ✅ Sent: {'location': 'Ludhiana', 'temperature': 31.8, 'windspeed': 10.2, 'timestamp': '2025-06-12T18:15'}
[2025-06-12T18:15:59.945+0000] {subprocess.py:93} INFO - ✅ Sent: {'location': 'Agra', 'temperature': 33.0, 'windspeed': 9.7, 'timestamp': '2025-06-12T18:15'}
[2025-06-12T18:15:59.945+0000] {subprocess.py:93} INFO - ✅ Sent: {'location': 'Varanasi', 'temperature': 34.0, 'windspeed': 8.6, 'timestamp': '2025-06-12T18:15'}
[2025-06-12T18:15:59.945+0000] {subprocess.py:93} INFO - ✅ Sent: {'location': 'Madurai', 'temperature': 27.9, 'windspeed': 8.4, 'timestamp': '2025-06-12T18:15'}
[2025-06-12T18:15:59.946+0000] {subprocess.py:93} INFO - ✅ Sent: {'location': 'Coimbatore', 'temperature': 23.8, 'windspeed': 16.4, 'timestamp': '2025-06-12T18:15'}
[2025-06-12T18:15:59.946+0000] {subprocess.py:93} INFO - ✅ Sent: {'location': 'Visakhapatnam', 'temperature': 28.2, 'windspeed': 2.2, 'timestamp': '2025-06-12T18:15'}
[2025-06-12T18:15:59.946+0000] {subprocess.py:93} INFO - ✅ Sent: {'location': 'Ranchi', 'temperature': 25.9, 'windspeed': 5.1, 'timestamp': '2025-06-12T18:15'}
[2025-06-12T18:15:59.947+0000] {subprocess.py:93} INFO - ✅ Sent: {'location': 'Bhubaneswar', 'temperature': 27.9, 'windspeed': 2.3, 'timestamp': '2025-06-12T18:15'}
[2025-06-12T18:15:59.947+0000] {subprocess.py:93} INFO - ✅ Sent: {'location': 'Guwahati', 'temperature': 30.8, 'windspeed': 3.7, 'timestamp': '2025-06-12T18:15'}
[2025-06-12T18:15:59.947+0000] {subprocess.py:93} INFO - ✅ Sent: {'location': 'Delhi', 'temperature': 32.5, 'windspeed': 7.1, 'timestamp': '2025-06-12T18:15'}
[2025-06-12T18:15:59.948+0000] {subprocess.py:93} INFO - ✅ Sent: {'location': 'Mumbai', 'temperature': 30.2, 'windspeed': 12.0, 'timestamp': '2025-06-12T18:15'}
[2025-06-12T18:15:59.948+0000] {subprocess.py:93} INFO - ✅ Sent: {'location': 'Bangalore', 'temperature': 21.6, 'windspeed': 9.4, 'timestamp': '2025-06-12T18:15'}
[2025-06-12T18:21:33.677+0000] {subprocess.py:93} INFO - ✅ Sent: {'location': 'Chennai', 'temperature': 28.6, 'windspeed': 11.1, 'timestamp': '2025-06-12T18:15'}
[2025-06-12T18:21:33.681+0000] {subprocess.py:93} INFO - ✅ Sent: {'location': 'Kolkata', 'temperature': 28.4, 'windspeed': 4.8, 'timestamp': '2025-06-12T18:16'}
[2025-06-12T18:21:33.681+0000] {subprocess.py:93} INFO - ✅ Sent: {'location': 'Hyderabad', 'temperature': 25.0, 'windspeed': 6.8, 'timestamp': '2025-06-12T18:16'}
[2025-06-12T18:21:33.682+0000] {subprocess.py:93} INFO - ✅ Sent: {'location': 'Ahmedabad', 'temperature': 33.0, 'windspeed': 10.1, 'timestamp': '2025-06-12T18:16'}
[2025-06-12T18:21:33.682+0000] {subprocess.py:93} INFO - ✅ Sent: {'location': 'Pune', 'temperature': 25.6, 'windspeed': 7.6, 'timestamp': '2025-06-12T18:16'}
[2025-06-12T18:21:33.683+0000] {subprocess.py:93} INFO - ✅ Sent: {'location': 'Jaipur', 'temperature': 35.8, 'windspeed': 3.0, 'timestamp': '2025-06-12T18:16'}
[2025-06-12T18:21:33.683+0000] {subprocess.py:93} INFO - ✅ Sent: {'location': 'Lucknow', 'temperature': 33.1, 'windspeed': 7.9, 'timestamp': '2025-06-12T18:16'}
[2025-06-12T18:21:33.684+0000] {subprocess.py:93} INFO - ✅ Sent: {'location': 'Kanpur', 'temperature': 33.5, 'windspeed': 9.9, 'timestamp': '2025-06-12T18:16'}
[2025-06-12T18:21:33.684+0000] {subprocess.py:93} INFO - ✅ Sent: {'location': 'Nagpur', 'temperature': 30.5, 'windspeed': 4.5, 'timestamp': '2025-06-12T18:16'}
[2025-06-12T18:21:33.685+0000] {subprocess.py:93} INFO - ✅ Sent: {'location': 'Indore', 'temperature': 30.9, 'windspeed': 6.0, 'timestamp': '2025-06-12T18:16'}
[2025-06-12T18:21:33.686+0000] {subprocess.py:93} INFO - ✅ Sent: {'location': 'Surat', 'temperature': 29.6, 'windspeed': 13.7, 'timestamp': '2025-06-12T18:16'}
[2025-06-12T18:21:33.686+0000] {subprocess.py:93} INFO - ✅ Sent: {'location': 'Bhopal', 'temperature': 31.8, 'windspeed': 11.0, 'timestamp': '2025-06-12T18:16'}
[2025-06-12T18:21:33.686+0000] {subprocess.py:93} INFO - ✅ Sent: {'location': 'Patna', 'temperature': 32.2, 'windspeed': 6.6, 'timestamp': '2025-06-12T18:16'}
[2025-06-12T18:21:33.687+0000] {subprocess.py:93} INFO - ✅ Sent: {'location': 'Ludhiana', 'temperature': 31.8, 'windspeed': 10.2, 'timestamp': '2025-06-12T18:16'}
[2025-06-12T18:21:33.688+0000] {subprocess.py:93} INFO - ✅ Sent: {'location': 'Agra', 'temperature': 33.0, 'windspeed': 9.7, 'timestamp': '2025-06-12T18:17'}
[2025-06-12T18:21:33.688+0000] {subprocess.py:93} INFO - ✅ Sent: {'location': 'Varanasi', 'temperature': 34.0, 'windspeed': 8.6, 'timestamp': '2025-06-12T18:17'}
[2025-06-12T18:21:33.689+0000] {subprocess.py:93} INFO - ✅ Sent: {'location': 'Madurai', 'temperature': 27.9, 'windspeed': 8.4, 'timestamp': '2025-06-12T18:17'}
[2025-06-12T18:21:33.689+0000] {subprocess.py:93} INFO - ✅ Sent: {'location': 'Coimbatore', 'temperature': 23.8, 'windspeed': 16.4, 'timestamp': '2025-06-12T18:17'}
[2025-06-12T18:21:33.690+0000] {subprocess.py:93} INFO - ✅ Sent: {'location': 'Visakhapatnam', 'temperature': 28.2, 'windspeed': 2.2, 'timestamp': '2025-06-12T18:17'}
[2025-06-12T18:21:33.690+0000] {subprocess.py:93} INFO - ✅ Sent: {'location': 'Ranchi', 'temperature': 25.9, 'windspeed': 5.1, 'timestamp': '2025-06-12T18:17'}
[2025-06-12T18:21:33.691+0000] {subprocess.py:93} INFO - ✅ Sent: {'location': 'Bhubaneswar', 'temperature': 27.9, 'windspeed': 2.3, 'timestamp': '2025-06-12T18:17'}
[2025-06-12T18:21:33.691+0000] {subprocess.py:93} INFO - ✅ Sent: {'location': 'Guwahati', 'temperature': 30.8, 'windspeed': 3.7, 'timestamp': '2025-06-12T18:17'}
[2025-06-12T18:21:33.691+0000] {subprocess.py:93} INFO - ✅ Sent: {'location': 'Delhi', 'temperature': 32.5, 'windspeed': 7.1, 'timestamp': '2025-06-12T18:17'}
[2025-06-12T18:21:33.692+0000] {subprocess.py:93} INFO - ✅ Sent: {'location': 'Mumbai', 'temperature': 30.2, 'windspeed': 12.0, 'timestamp': '2025-06-12T18:17'}
[2025-06-12T18:21:33.692+0000] {subprocess.py:93} INFO - ✅ Sent: {'location': 'Bangalore', 'temperature': 21.6, 'windspeed': 9.4, 'timestamp': '2025-06-12T18:17'}
[2025-06-12T18:21:33.692+0000] {subprocess.py:93} INFO - ✅ Sent: {'location': 'Chennai', 'temperature': 28.6, 'windspeed': 11.1, 'timestamp': '2025-06-12T18:17'}
[2025-06-12T18:21:33.692+0000] {subprocess.py:93} INFO - ✅ Sent: {'location': 'Kolkata', 'temperature': 28.4, 'windspeed': 4.8, 'timestamp': '2025-06-12T18:17'}
[2025-06-12T18:21:33.693+0000] {subprocess.py:93} INFO - ✅ Sent: {'location': 'Hyderabad', 'temperature': 25.0, 'windspeed': 6.8, 'timestamp': '2025-06-12T18:17'}
[2025-06-12T18:21:33.693+0000] {subprocess.py:93} INFO - ✅ Sent: {'location': 'Ahmedabad', 'temperature': 33.0, 'windspeed': 10.1, 'timestamp': '2025-06-12T18:18'}
[2025-06-12T18:21:33.693+0000] {subprocess.py:93} INFO - ✅ Sent: {'location': 'Pune', 'temperature': 25.6, 'windspeed': 7.6, 'timestamp': '2025-06-12T18:18'}
[2025-06-12T18:21:33.694+0000] {subprocess.py:93} INFO - ✅ Sent: {'location': 'Jaipur', 'temperature': 35.8, 'windspeed': 3.0, 'timestamp': '2025-06-12T18:18'}
[2025-06-12T18:21:33.694+0000] {subprocess.py:93} INFO - ✅ Sent: {'location': 'Lucknow', 'temperature': 33.1, 'windspeed': 7.9, 'timestamp': '2025-06-12T18:18'}
[2025-06-12T18:21:33.694+0000] {subprocess.py:93} INFO - ✅ Sent: {'location': 'Kanpur', 'temperature': 33.5, 'windspeed': 9.9, 'timestamp': '2025-06-12T18:18'}
[2025-06-12T18:21:33.695+0000] {subprocess.py:93} INFO - ✅ Sent: {'location': 'Nagpur', 'temperature': 30.5, 'windspeed': 4.5, 'timestamp': '2025-06-12T18:18'}
[2025-06-12T18:21:33.695+0000] {subprocess.py:93} INFO - ✅ Sent: {'location': 'Indore', 'temperature': 30.9, 'windspeed': 6.0, 'timestamp': '2025-06-12T18:18'}
[2025-06-12T18:21:33.696+0000] {subprocess.py:93} INFO - ✅ Sent: {'location': 'Surat', 'temperature': 29.6, 'windspeed': 13.7, 'timestamp': '2025-06-12T18:18'}
[2025-06-12T18:21:33.696+0000] {subprocess.py:93} INFO - ✅ Sent: {'location': 'Bhopal', 'temperature': 31.8, 'windspeed': 11.0, 'timestamp': '2025-06-12T18:18'}
[2025-06-12T18:21:33.696+0000] {subprocess.py:93} INFO - ✅ Sent: {'location': 'Patna', 'temperature': 32.2, 'windspeed': 6.6, 'timestamp': '2025-06-12T18:18'}
[2025-06-12T18:21:33.697+0000] {subprocess.py:93} INFO - ✅ Sent: {'location': 'Ludhiana', 'temperature': 31.8, 'windspeed': 10.2, 'timestamp': '2025-06-12T18:18'}
[2025-06-12T18:21:33.697+0000] {subprocess.py:93} INFO - ✅ Sent: {'location': 'Agra', 'temperature': 33.0, 'windspeed': 9.7, 'timestamp': '2025-06-12T18:18'}
[2025-06-12T18:21:33.698+0000] {subprocess.py:93} INFO - ✅ Sent: {'location': 'Varanasi', 'temperature': 34.0, 'windspeed': 8.6, 'timestamp': '2025-06-12T18:18'}
[2025-06-12T18:21:33.698+0000] {subprocess.py:93} INFO - ✅ Sent: {'location': 'Madurai', 'temperature': 27.9, 'windspeed': 8.4, 'timestamp': '2025-06-12T18:18'}
[2025-06-12T18:21:33.699+0000] {subprocess.py:93} INFO - ✅ Sent: {'location': 'Coimbatore', 'temperature': 23.8, 'windspeed': 16.4, 'timestamp': '2025-06-12T18:18'}
[2025-06-12T18:21:33.699+0000] {subprocess.py:93} INFO - ✅ Sent: {'location': 'Visakhapatnam', 'temperature': 28.2, 'windspeed': 2.2, 'timestamp': '2025-06-12T18:19'}
[2025-06-12T18:21:33.700+0000] {subprocess.py:93} INFO - ✅ Sent: {'location': 'Ranchi', 'temperature': 25.9, 'windspeed': 5.1, 'timestamp': '2025-06-12T18:19'}
[2025-06-12T18:21:33.700+0000] {subprocess.py:93} INFO - ✅ Sent: {'location': 'Bhubaneswar', 'temperature': 27.9, 'windspeed': 2.3, 'timestamp': '2025-06-12T18:19'}
[2025-06-12T18:21:33.701+0000] {subprocess.py:93} INFO - ✅ Sent: {'location': 'Guwahati', 'temperature': 30.8, 'windspeed': 3.7, 'timestamp': '2025-06-12T18:19'}
[2025-06-12T18:21:33.701+0000] {subprocess.py:93} INFO - ✅ Sent: {'location': 'Delhi', 'temperature': 32.5, 'windspeed': 7.1, 'timestamp': '2025-06-12T18:19'}
[2025-06-12T18:21:33.702+0000] {subprocess.py:93} INFO - ✅ Sent: {'location': 'Mumbai', 'temperature': 30.2, 'windspeed': 12.0, 'timestamp': '2025-06-12T18:19'}
[2025-06-12T18:21:33.702+0000] {subprocess.py:93} INFO - ✅ Sent: {'location': 'Bangalore', 'temperature': 21.6, 'windspeed': 9.4, 'timestamp': '2025-06-12T18:19'}
[2025-06-12T18:21:33.702+0000] {subprocess.py:93} INFO - ✅ Sent: {'location': 'Chennai', 'temperature': 28.6, 'windspeed': 11.1, 'timestamp': '2025-06-12T18:19'}
[2025-06-12T18:21:33.703+0000] {subprocess.py:93} INFO - ✅ Sent: {'location': 'Kolkata', 'temperature': 28.4, 'windspeed': 4.8, 'timestamp': '2025-06-12T18:19'}
[2025-06-12T18:21:33.703+0000] {subprocess.py:93} INFO - ✅ Sent: {'location': 'Hyderabad', 'temperature': 25.0, 'windspeed': 6.8, 'timestamp': '2025-06-12T18:19'}
[2025-06-12T18:21:33.704+0000] {subprocess.py:93} INFO - ✅ Sent: {'location': 'Ahmedabad', 'temperature': 33.0, 'windspeed': 10.1, 'timestamp': '2025-06-12T18:19'}
[2025-06-12T18:21:33.704+0000] {subprocess.py:93} INFO - ✅ Sent: {'location': 'Pune', 'temperature': 25.6, 'windspeed': 7.6, 'timestamp': '2025-06-12T18:19'}
[2025-06-12T18:21:33.705+0000] {subprocess.py:93} INFO - ✅ Sent: {'location': 'Jaipur', 'temperature': 35.8, 'windspeed': 3.0, 'timestamp': '2025-06-12T18:19'}
[2025-06-12T18:21:33.705+0000] {subprocess.py:93} INFO - ✅ Sent: {'location': 'Lucknow', 'temperature': 33.1, 'windspeed': 7.9, 'timestamp': '2025-06-12T18:20'}
[2025-06-12T18:21:33.705+0000] {subprocess.py:93} INFO - ✅ Sent: {'location': 'Kanpur', 'temperature': 33.5, 'windspeed': 9.9, 'timestamp': '2025-06-12T18:20'}
[2025-06-12T18:21:33.706+0000] {subprocess.py:93} INFO - ✅ Sent: {'location': 'Nagpur', 'temperature': 30.5, 'windspeed': 4.5, 'timestamp': '2025-06-12T18:20'}
[2025-06-12T18:21:33.706+0000] {subprocess.py:93} INFO - ✅ Sent: {'location': 'Indore', 'temperature': 30.9, 'windspeed': 6.0, 'timestamp': '2025-06-12T18:20'}
[2025-06-12T18:21:33.706+0000] {subprocess.py:93} INFO - ✅ Sent: {'location': 'Surat', 'temperature': 29.6, 'windspeed': 13.7, 'timestamp': '2025-06-12T18:20'}
[2025-06-12T18:21:33.707+0000] {subprocess.py:93} INFO - ✅ Sent: {'location': 'Bhopal', 'temperature': 31.8, 'windspeed': 11.0, 'timestamp': '2025-06-12T18:20'}
[2025-06-12T18:21:33.707+0000] {subprocess.py:93} INFO - ✅ Sent: {'location': 'Patna', 'temperature': 32.2, 'windspeed': 6.6, 'timestamp': '2025-06-12T18:20'}
[2025-06-12T18:21:33.707+0000] {subprocess.py:93} INFO - ✅ Sent: {'location': 'Ludhiana', 'temperature': 31.8, 'windspeed': 10.2, 'timestamp': '2025-06-12T18:20'}
[2025-06-12T18:21:33.708+0000] {subprocess.py:93} INFO - ✅ Sent: {'location': 'Agra', 'temperature': 33.0, 'windspeed': 9.7, 'timestamp': '2025-06-12T18:20'}
[2025-06-12T18:21:33.708+0000] {subprocess.py:93} INFO - ✅ Sent: {'location': 'Varanasi', 'temperature': 34.0, 'windspeed': 8.6, 'timestamp': '2025-06-12T18:20'}
[2025-06-12T18:21:33.709+0000] {subprocess.py:93} INFO - ✅ Sent: {'location': 'Madurai', 'temperature': 27.9, 'windspeed': 8.4, 'timestamp': '2025-06-12T18:20'}
[2025-06-12T18:21:33.709+0000] {subprocess.py:93} INFO - ✅ Sent: {'location': 'Coimbatore', 'temperature': 23.8, 'windspeed': 16.4, 'timestamp': '2025-06-12T18:20'}
[2025-06-12T18:21:33.709+0000] {subprocess.py:93} INFO - ✅ Sent: {'location': 'Visakhapatnam', 'temperature': 28.2, 'windspeed': 2.2, 'timestamp': '2025-06-12T18:20'}
[2025-06-12T18:21:33.710+0000] {subprocess.py:93} INFO - ✅ Sent: {'location': 'Ranchi', 'temperature': 25.9, 'windspeed': 5.1, 'timestamp': '2025-06-12T18:21'}
[2025-06-12T18:21:33.710+0000] {subprocess.py:93} INFO - ✅ Sent: {'location': 'Bhubaneswar', 'temperature': 27.9, 'windspeed': 2.3, 'timestamp': '2025-06-12T18:21'}
[2025-06-12T18:21:33.710+0000] {subprocess.py:93} INFO - ✅ Sent: {'location': 'Guwahati', 'temperature': 30.8, 'windspeed': 3.7, 'timestamp': '2025-06-12T18:21'}
[2025-06-12T18:21:33.711+0000] {subprocess.py:93} INFO - ✅ Sent: {'location': 'Delhi', 'temperature': 32.5, 'windspeed': 7.1, 'timestamp': '2025-06-12T18:21'}
[2025-06-12T18:21:33.711+0000] {subprocess.py:93} INFO - ✅ Sent: {'location': 'Mumbai', 'temperature': 30.2, 'windspeed': 12.0, 'timestamp': '2025-06-12T18:21'}
[2025-06-12T18:21:33.711+0000] {subprocess.py:93} INFO - ✅ Sent: {'location': 'Bangalore', 'temperature': 21.6, 'windspeed': 9.4, 'timestamp': '2025-06-12T18:21'}
[2025-06-12T18:21:33.712+0000] {subprocess.py:93} INFO - ✅ Sent: {'location': 'Chennai', 'temperature': 28.6, 'windspeed': 11.1, 'timestamp': '2025-06-12T18:21'}
[2025-06-12T18:27:29.503+0000] {subprocess.py:93} INFO - ✅ Sent: {'location': 'Kolkata', 'temperature': 28.4, 'windspeed': 4.8, 'timestamp': '2025-06-12T18:21'}
[2025-06-12T18:27:29.507+0000] {subprocess.py:93} INFO - ✅ Sent: {'location': 'Hyderabad', 'temperature': 25.0, 'windspeed': 6.8, 'timestamp': '2025-06-12T18:21'}
[2025-06-12T18:27:29.508+0000] {subprocess.py:93} INFO - ✅ Sent: {'location': 'Ahmedabad', 'temperature': 33.0, 'windspeed': 10.1, 'timestamp': '2025-06-12T18:21'}
[2025-06-12T18:27:29.509+0000] {subprocess.py:93} INFO - ✅ Sent: {'location': 'Pune', 'temperature': 25.6, 'windspeed': 7.6, 'timestamp': '2025-06-12T18:21'}
[2025-06-12T18:27:29.510+0000] {subprocess.py:93} INFO - ✅ Sent: {'location': 'Jaipur', 'temperature': 35.8, 'windspeed': 3.0, 'timestamp': '2025-06-12T18:21'}
[2025-06-12T18:27:29.511+0000] {subprocess.py:93} INFO - ✅ Sent: {'location': 'Lucknow', 'temperature': 33.1, 'windspeed': 7.9, 'timestamp': '2025-06-12T18:22'}
[2025-06-12T18:27:29.511+0000] {subprocess.py:93} INFO - ✅ Sent: {'location': 'Kanpur', 'temperature': 33.5, 'windspeed': 9.9, 'timestamp': '2025-06-12T18:22'}
[2025-06-12T18:27:29.512+0000] {subprocess.py:93} INFO - ✅ Sent: {'location': 'Nagpur', 'temperature': 30.5, 'windspeed': 4.5, 'timestamp': '2025-06-12T18:22'}
[2025-06-12T18:27:29.513+0000] {subprocess.py:93} INFO - ✅ Sent: {'location': 'Indore', 'temperature': 30.9, 'windspeed': 6.0, 'timestamp': '2025-06-12T18:22'}
[2025-06-12T18:27:29.514+0000] {subprocess.py:93} INFO - ✅ Sent: {'location': 'Surat', 'temperature': 29.6, 'windspeed': 13.7, 'timestamp': '2025-06-12T18:22'}
[2025-06-12T18:27:29.515+0000] {subprocess.py:93} INFO - ✅ Sent: {'location': 'Bhopal', 'temperature': 31.8, 'windspeed': 11.0, 'timestamp': '2025-06-12T18:22'}
[2025-06-12T18:27:29.516+0000] {subprocess.py:93} INFO - ✅ Sent: {'location': 'Patna', 'temperature': 32.2, 'windspeed': 6.6, 'timestamp': '2025-06-12T18:22'}
[2025-06-12T18:27:29.516+0000] {subprocess.py:93} INFO - ✅ Sent: {'location': 'Ludhiana', 'temperature': 31.8, 'windspeed': 10.2, 'timestamp': '2025-06-12T18:22'}
[2025-06-12T18:27:29.517+0000] {subprocess.py:93} INFO - ✅ Sent: {'location': 'Agra', 'temperature': 33.0, 'windspeed': 9.7, 'timestamp': '2025-06-12T18:22'}
[2025-06-12T18:27:29.518+0000] {subprocess.py:93} INFO - ✅ Sent: {'location': 'Varanasi', 'temperature': 34.0, 'windspeed': 8.6, 'timestamp': '2025-06-12T18:22'}
[2025-06-12T18:27:29.519+0000] {subprocess.py:93} INFO - ✅ Sent: {'location': 'Madurai', 'temperature': 27.9, 'windspeed': 8.4, 'timestamp': '2025-06-12T18:22'}
[2025-06-12T18:27:29.520+0000] {subprocess.py:93} INFO - ✅ Sent: {'location': 'Coimbatore', 'temperature': 23.8, 'windspeed': 16.4, 'timestamp': '2025-06-12T18:23'}
[2025-06-12T18:27:29.520+0000] {subprocess.py:93} INFO - ✅ Sent: {'location': 'Visakhapatnam', 'temperature': 28.2, 'windspeed': 2.2, 'timestamp': '2025-06-12T18:23'}
[2025-06-12T18:27:29.521+0000] {subprocess.py:93} INFO - ✅ Sent: {'location': 'Ranchi', 'temperature': 25.9, 'windspeed': 5.1, 'timestamp': '2025-06-12T18:23'}
[2025-06-12T18:27:29.522+0000] {subprocess.py:93} INFO - ✅ Sent: {'location': 'Bhubaneswar', 'temperature': 27.9, 'windspeed': 2.3, 'timestamp': '2025-06-12T18:23'}
[2025-06-12T18:27:29.523+0000] {subprocess.py:93} INFO - ✅ Sent: {'location': 'Guwahati', 'temperature': 30.8, 'windspeed': 3.7, 'timestamp': '2025-06-12T18:23'}
[2025-06-12T18:27:29.524+0000] {subprocess.py:93} INFO - ✅ Sent: {'location': 'Delhi', 'temperature': 32.5, 'windspeed': 7.1, 'timestamp': '2025-06-12T18:23'}
[2025-06-12T18:27:29.524+0000] {subprocess.py:93} INFO - ✅ Sent: {'location': 'Mumbai', 'temperature': 30.2, 'windspeed': 12.0, 'timestamp': '2025-06-12T18:23'}
[2025-06-12T18:27:29.525+0000] {subprocess.py:93} INFO - ✅ Sent: {'location': 'Bangalore', 'temperature': 21.6, 'windspeed': 9.4, 'timestamp': '2025-06-12T18:23'}
[2025-06-12T18:27:29.526+0000] {subprocess.py:93} INFO - ✅ Sent: {'location': 'Chennai', 'temperature': 28.6, 'windspeed': 11.1, 'timestamp': '2025-06-12T18:23'}
[2025-06-12T18:27:29.527+0000] {subprocess.py:93} INFO - ✅ Sent: {'location': 'Kolkata', 'temperature': 28.4, 'windspeed': 4.8, 'timestamp': '2025-06-12T18:23'}
[2025-06-12T18:27:29.527+0000] {subprocess.py:93} INFO - ✅ Sent: {'location': 'Hyderabad', 'temperature': 25.0, 'windspeed': 6.8, 'timestamp': '2025-06-12T18:23'}
[2025-06-12T18:27:29.528+0000] {subprocess.py:93} INFO - ✅ Sent: {'location': 'Ahmedabad', 'temperature': 33.0, 'windspeed': 10.1, 'timestamp': '2025-06-12T18:23'}
[2025-06-12T18:27:29.529+0000] {subprocess.py:93} INFO - ✅ Sent: {'location': 'Pune', 'temperature': 25.6, 'windspeed': 7.6, 'timestamp': '2025-06-12T18:23'}
[2025-06-12T18:27:29.530+0000] {subprocess.py:93} INFO - ✅ Sent: {'location': 'Jaipur', 'temperature': 35.8, 'windspeed': 3.0, 'timestamp': '2025-06-12T18:23'}
[2025-06-12T18:27:29.531+0000] {subprocess.py:93} INFO - ✅ Sent: {'location': 'Lucknow', 'temperature': 33.1, 'windspeed': 7.9, 'timestamp': '2025-06-12T18:23'}
[2025-06-12T18:27:29.532+0000] {subprocess.py:93} INFO - ✅ Sent: {'location': 'Kanpur', 'temperature': 33.5, 'windspeed': 9.9, 'timestamp': '2025-06-12T18:23'}
[2025-06-12T18:27:29.533+0000] {subprocess.py:93} INFO - ✅ Sent: {'location': 'Nagpur', 'temperature': 30.5, 'windspeed': 4.5, 'timestamp': '2025-06-12T18:23'}
[2025-06-12T18:27:29.533+0000] {subprocess.py:93} INFO - ✅ Sent: {'location': 'Indore', 'temperature': 30.9, 'windspeed': 6.0, 'timestamp': '2025-06-12T18:24'}
[2025-06-12T18:27:29.535+0000] {subprocess.py:93} INFO - ✅ Sent: {'location': 'Surat', 'temperature': 29.6, 'windspeed': 13.7, 'timestamp': '2025-06-12T18:24'}
[2025-06-12T18:27:29.535+0000] {subprocess.py:93} INFO - ✅ Sent: {'location': 'Bhopal', 'temperature': 31.8, 'windspeed': 11.0, 'timestamp': '2025-06-12T18:24'}
[2025-06-12T18:27:29.536+0000] {subprocess.py:93} INFO - ✅ Sent: {'location': 'Patna', 'temperature': 32.2, 'windspeed': 6.6, 'timestamp': '2025-06-12T18:24'}
[2025-06-12T18:27:29.537+0000] {subprocess.py:93} INFO - ✅ Sent: {'location': 'Ludhiana', 'temperature': 31.8, 'windspeed': 10.2, 'timestamp': '2025-06-12T18:24'}
[2025-06-12T18:27:29.538+0000] {subprocess.py:93} INFO - ✅ Sent: {'location': 'Agra', 'temperature': 33.0, 'windspeed': 9.7, 'timestamp': '2025-06-12T18:24'}
[2025-06-12T18:27:29.538+0000] {subprocess.py:93} INFO - ✅ Sent: {'location': 'Varanasi', 'temperature': 34.0, 'windspeed': 8.6, 'timestamp': '2025-06-12T18:24'}
[2025-06-12T18:27:29.539+0000] {subprocess.py:93} INFO - ✅ Sent: {'location': 'Madurai', 'temperature': 27.9, 'windspeed': 8.4, 'timestamp': '2025-06-12T18:24'}
[2025-06-12T18:27:29.540+0000] {subprocess.py:93} INFO - ✅ Sent: {'location': 'Coimbatore', 'temperature': 23.8, 'windspeed': 16.4, 'timestamp': '2025-06-12T18:24'}
[2025-06-12T18:27:29.541+0000] {subprocess.py:93} INFO - ✅ Sent: {'location': 'Visakhapatnam', 'temperature': 28.2, 'windspeed': 2.2, 'timestamp': '2025-06-12T18:24'}
[2025-06-12T18:27:29.541+0000] {subprocess.py:93} INFO - ✅ Sent: {'location': 'Ranchi', 'temperature': 25.9, 'windspeed': 5.1, 'timestamp': '2025-06-12T18:24'}
[2025-06-12T18:27:29.542+0000] {subprocess.py:93} INFO - ✅ Sent: {'location': 'Bhubaneswar', 'temperature': 27.9, 'windspeed': 2.3, 'timestamp': '2025-06-12T18:25'}
[2025-06-12T18:27:29.543+0000] {subprocess.py:93} INFO - ✅ Sent: {'location': 'Guwahati', 'temperature': 30.8, 'windspeed': 3.7, 'timestamp': '2025-06-12T18:25'}
[2025-06-12T18:27:29.543+0000] {subprocess.py:93} INFO - ✅ Sent: {'location': 'Delhi', 'temperature': 32.5, 'windspeed': 7.1, 'timestamp': '2025-06-12T18:25'}
[2025-06-12T18:27:29.544+0000] {subprocess.py:93} INFO - ✅ Sent: {'location': 'Mumbai', 'temperature': 30.2, 'windspeed': 12.0, 'timestamp': '2025-06-12T18:25'}
[2025-06-12T18:27:29.545+0000] {subprocess.py:93} INFO - ✅ Sent: {'location': 'Bangalore', 'temperature': 21.6, 'windspeed': 9.4, 'timestamp': '2025-06-12T18:25'}
[2025-06-12T18:27:29.546+0000] {subprocess.py:93} INFO - ✅ Sent: {'location': 'Chennai', 'temperature': 28.6, 'windspeed': 11.1, 'timestamp': '2025-06-12T18:25'}
[2025-06-12T18:27:29.547+0000] {subprocess.py:93} INFO - ✅ Sent: {'location': 'Kolkata', 'temperature': 28.4, 'windspeed': 4.8, 'timestamp': '2025-06-12T18:25'}
[2025-06-12T18:27:29.547+0000] {subprocess.py:93} INFO - ✅ Sent: {'location': 'Hyderabad', 'temperature': 25.0, 'windspeed': 6.8, 'timestamp': '2025-06-12T18:25'}
[2025-06-12T18:27:29.548+0000] {subprocess.py:93} INFO - ✅ Sent: {'location': 'Ahmedabad', 'temperature': 33.0, 'windspeed': 10.1, 'timestamp': '2025-06-12T18:25'}
[2025-06-12T18:27:29.549+0000] {subprocess.py:93} INFO - ✅ Sent: {'location': 'Pune', 'temperature': 25.6, 'windspeed': 7.6, 'timestamp': '2025-06-12T18:25'}
[2025-06-12T18:27:29.549+0000] {subprocess.py:93} INFO - ✅ Sent: {'location': 'Jaipur', 'temperature': 35.8, 'windspeed': 3.0, 'timestamp': '2025-06-12T18:25'}
[2025-06-12T18:27:29.550+0000] {subprocess.py:93} INFO - ✅ Sent: {'location': 'Lucknow', 'temperature': 33.1, 'windspeed': 7.9, 'timestamp': '2025-06-12T18:25'}
[2025-06-12T18:27:29.551+0000] {subprocess.py:93} INFO - ✅ Sent: {'location': 'Kanpur', 'temperature': 33.5, 'windspeed': 9.9, 'timestamp': '2025-06-12T18:25'}
[2025-06-12T18:27:29.552+0000] {subprocess.py:93} INFO - ✅ Sent: {'location': 'Nagpur', 'temperature': 30.5, 'windspeed': 4.5, 'timestamp': '2025-06-12T18:25'}
[2025-06-12T18:27:29.552+0000] {subprocess.py:93} INFO - ✅ Sent: {'location': 'Indore', 'temperature': 30.9, 'windspeed': 6.0, 'timestamp': '2025-06-12T18:25'}
[2025-06-12T18:27:29.553+0000] {subprocess.py:93} INFO - ✅ Sent: {'location': 'Surat', 'temperature': 29.6, 'windspeed': 13.7, 'timestamp': '2025-06-12T18:26'}
[2025-06-12T18:27:29.554+0000] {subprocess.py:93} INFO - ✅ Sent: {'location': 'Bhopal', 'temperature': 31.8, 'windspeed': 11.0, 'timestamp': '2025-06-12T18:26'}
[2025-06-12T18:27:29.555+0000] {subprocess.py:93} INFO - ✅ Sent: {'location': 'Patna', 'temperature': 32.2, 'windspeed': 6.6, 'timestamp': '2025-06-12T18:26'}
[2025-06-12T18:27:29.556+0000] {subprocess.py:93} INFO - ✅ Sent: {'location': 'Ludhiana', 'temperature': 31.8, 'windspeed': 10.2, 'timestamp': '2025-06-12T18:26'}
[2025-06-12T18:27:29.556+0000] {subprocess.py:93} INFO - ✅ Sent: {'location': 'Agra', 'temperature': 33.0, 'windspeed': 9.7, 'timestamp': '2025-06-12T18:26'}
[2025-06-12T18:27:29.557+0000] {subprocess.py:93} INFO - ✅ Sent: {'location': 'Varanasi', 'temperature': 34.0, 'windspeed': 8.6, 'timestamp': '2025-06-12T18:26'}
[2025-06-12T18:27:29.558+0000] {subprocess.py:93} INFO - ✅ Sent: {'location': 'Madurai', 'temperature': 27.9, 'windspeed': 8.4, 'timestamp': '2025-06-12T18:26'}
[2025-06-12T18:27:29.558+0000] {subprocess.py:93} INFO - ✅ Sent: {'location': 'Coimbatore', 'temperature': 23.8, 'windspeed': 16.4, 'timestamp': '2025-06-12T18:26'}
[2025-06-12T18:27:29.559+0000] {subprocess.py:93} INFO - ✅ Sent: {'location': 'Visakhapatnam', 'temperature': 28.2, 'windspeed': 2.2, 'timestamp': '2025-06-12T18:26'}
[2025-06-12T18:27:29.560+0000] {subprocess.py:93} INFO - ✅ Sent: {'location': 'Ranchi', 'temperature': 25.9, 'windspeed': 5.1, 'timestamp': '2025-06-12T18:26'}
[2025-06-12T18:27:29.560+0000] {subprocess.py:93} INFO - ✅ Sent: {'location': 'Bhubaneswar', 'temperature': 27.9, 'windspeed': 2.3, 'timestamp': '2025-06-12T18:26'}
[2025-06-12T18:27:29.561+0000] {subprocess.py:93} INFO - ✅ Sent: {'location': 'Guwahati', 'temperature': 30.8, 'windspeed': 3.7, 'timestamp': '2025-06-12T18:26'}
[2025-06-12T18:27:29.562+0000] {subprocess.py:93} INFO - ✅ Sent: {'location': 'Delhi', 'temperature': 32.5, 'windspeed': 7.1, 'timestamp': '2025-06-12T18:27'}
[2025-06-12T18:27:29.563+0000] {subprocess.py:93} INFO - ✅ Sent: {'location': 'Mumbai', 'temperature': 30.2, 'windspeed': 12.0, 'timestamp': '2025-06-12T18:27'}
[2025-06-12T18:27:29.563+0000] {subprocess.py:93} INFO - ✅ Sent: {'location': 'Bangalore', 'temperature': 21.6, 'windspeed': 9.4, 'timestamp': '2025-06-12T18:27'}
[2025-06-12T18:27:29.564+0000] {subprocess.py:93} INFO - ✅ Sent: {'location': 'Chennai', 'temperature': 28.6, 'windspeed': 11.1, 'timestamp': '2025-06-12T18:27'}
[2025-06-12T18:27:29.565+0000] {subprocess.py:93} INFO - ✅ Sent: {'location': 'Kolkata', 'temperature': 28.4, 'windspeed': 4.8, 'timestamp': '2025-06-12T18:27'}
[2025-06-12T18:27:29.566+0000] {subprocess.py:93} INFO - ✅ Sent: {'location': 'Hyderabad', 'temperature': 25.0, 'windspeed': 6.8, 'timestamp': '2025-06-12T18:27'}
[2025-06-12T18:33:32.550+0000] {subprocess.py:93} INFO - ✅ Sent: {'location': 'Ahmedabad', 'temperature': 33.0, 'windspeed': 10.1, 'timestamp': '2025-06-12T18:27'}
[2025-06-12T18:33:32.552+0000] {subprocess.py:93} INFO - ✅ Sent: {'location': 'Pune', 'temperature': 25.6, 'windspeed': 7.6, 'timestamp': '2025-06-12T18:27'}
[2025-06-12T18:33:32.553+0000] {subprocess.py:93} INFO - ✅ Sent: {'location': 'Jaipur', 'temperature': 35.8, 'windspeed': 3.0, 'timestamp': '2025-06-12T18:27'}
[2025-06-12T18:33:32.554+0000] {subprocess.py:93} INFO - ✅ Sent: {'location': 'Lucknow', 'temperature': 33.1, 'windspeed': 7.9, 'timestamp': '2025-06-12T18:27'}
[2025-06-12T18:33:32.554+0000] {subprocess.py:93} INFO - ✅ Sent: {'location': 'Kanpur', 'temperature': 33.5, 'windspeed': 9.9, 'timestamp': '2025-06-12T18:27'}
[2025-06-12T18:33:32.555+0000] {subprocess.py:93} INFO - ✅ Sent: {'location': 'Nagpur', 'temperature': 30.5, 'windspeed': 4.5, 'timestamp': '2025-06-12T18:27'}
[2025-06-12T18:33:32.555+0000] {subprocess.py:93} INFO - ✅ Sent: {'location': 'Indore', 'temperature': 30.9, 'windspeed': 6.0, 'timestamp': '2025-06-12T18:27'}
[2025-06-12T18:33:32.556+0000] {subprocess.py:93} INFO - ✅ Sent: {'location': 'Surat', 'temperature': 29.6, 'windspeed': 13.7, 'timestamp': '2025-06-12T18:28'}
[2025-06-12T18:33:32.557+0000] {subprocess.py:93} INFO - ✅ Sent: {'location': 'Bhopal', 'temperature': 31.8, 'windspeed': 11.0, 'timestamp': '2025-06-12T18:28'}
[2025-06-12T18:33:32.557+0000] {subprocess.py:93} INFO - ✅ Sent: {'location': 'Patna', 'temperature': 32.2, 'windspeed': 6.6, 'timestamp': '2025-06-12T18:28'}
[2025-06-12T18:33:32.558+0000] {subprocess.py:93} INFO - ✅ Sent: {'location': 'Ludhiana', 'temperature': 31.8, 'windspeed': 10.2, 'timestamp': '2025-06-12T18:28'}
[2025-06-12T18:33:32.558+0000] {subprocess.py:93} INFO - ✅ Sent: {'location': 'Agra', 'temperature': 33.0, 'windspeed': 9.7, 'timestamp': '2025-06-12T18:28'}
[2025-06-12T18:33:32.559+0000] {subprocess.py:93} INFO - ✅ Sent: {'location': 'Varanasi', 'temperature': 34.0, 'windspeed': 8.6, 'timestamp': '2025-06-12T18:28'}
[2025-06-12T18:33:32.559+0000] {subprocess.py:93} INFO - ✅ Sent: {'location': 'Madurai', 'temperature': 27.9, 'windspeed': 8.4, 'timestamp': '2025-06-12T18:28'}
[2025-06-12T18:33:32.560+0000] {subprocess.py:93} INFO - ✅ Sent: {'location': 'Coimbatore', 'temperature': 23.8, 'windspeed': 16.4, 'timestamp': '2025-06-12T18:28'}
[2025-06-12T18:33:32.560+0000] {subprocess.py:93} INFO - ✅ Sent: {'location': 'Visakhapatnam', 'temperature': 28.2, 'windspeed': 2.2, 'timestamp': '2025-06-12T18:28'}
[2025-06-12T18:33:32.560+0000] {subprocess.py:93} INFO - ✅ Sent: {'location': 'Ranchi', 'temperature': 25.9, 'windspeed': 5.1, 'timestamp': '2025-06-12T18:28'}
[2025-06-12T18:33:32.561+0000] {subprocess.py:93} INFO - ✅ Sent: {'location': 'Bhubaneswar', 'temperature': 27.9, 'windspeed': 2.3, 'timestamp': '2025-06-12T18:28'}
[2025-06-12T18:33:32.561+0000] {subprocess.py:93} INFO - ✅ Sent: {'location': 'Guwahati', 'temperature': 30.8, 'windspeed': 3.7, 'timestamp': '2025-06-12T18:28'}
[2025-06-12T18:33:32.562+0000] {subprocess.py:93} INFO - ✅ Sent: {'location': 'Delhi', 'temperature': 32.5, 'windspeed': 7.1, 'timestamp': '2025-06-12T18:28'}
[2025-06-12T18:33:32.562+0000] {subprocess.py:93} INFO - ✅ Sent: {'location': 'Mumbai', 'temperature': 30.2, 'windspeed': 12.0, 'timestamp': '2025-06-12T18:28'}
[2025-06-12T18:33:32.563+0000] {subprocess.py:93} INFO - ✅ Sent: {'location': 'Bangalore', 'temperature': 21.6, 'windspeed': 9.4, 'timestamp': '2025-06-12T18:29'}
[2025-06-12T18:33:32.563+0000] {subprocess.py:93} INFO - ✅ Sent: {'location': 'Chennai', 'temperature': 28.6, 'windspeed': 11.1, 'timestamp': '2025-06-12T18:29'}
[2025-06-12T18:33:32.564+0000] {subprocess.py:93} INFO - ✅ Sent: {'location': 'Kolkata', 'temperature': 28.4, 'windspeed': 4.8, 'timestamp': '2025-06-12T18:29'}
[2025-06-12T18:33:32.564+0000] {subprocess.py:93} INFO - ✅ Sent: {'location': 'Hyderabad', 'temperature': 25.0, 'windspeed': 6.8, 'timestamp': '2025-06-12T18:29'}
[2025-06-12T18:33:32.565+0000] {subprocess.py:93} INFO - ✅ Sent: {'location': 'Ahmedabad', 'temperature': 33.0, 'windspeed': 10.1, 'timestamp': '2025-06-12T18:29'}
[2025-06-12T18:33:32.565+0000] {subprocess.py:93} INFO - ✅ Sent: {'location': 'Pune', 'temperature': 25.6, 'windspeed': 7.6, 'timestamp': '2025-06-12T18:29'}
[2025-06-12T18:33:32.566+0000] {subprocess.py:93} INFO - ✅ Sent: {'location': 'Jaipur', 'temperature': 35.8, 'windspeed': 3.0, 'timestamp': '2025-06-12T18:29'}
[2025-06-12T18:33:32.566+0000] {subprocess.py:93} INFO - ✅ Sent: {'location': 'Lucknow', 'temperature': 33.1, 'windspeed': 7.9, 'timestamp': '2025-06-12T18:29'}
[2025-06-12T18:33:32.567+0000] {subprocess.py:93} INFO - ✅ Sent: {'location': 'Kanpur', 'temperature': 33.5, 'windspeed': 9.9, 'timestamp': '2025-06-12T18:29'}
[2025-06-12T18:33:32.567+0000] {subprocess.py:93} INFO - ✅ Sent: {'location': 'Nagpur', 'temperature': 30.5, 'windspeed': 4.5, 'timestamp': '2025-06-12T18:29'}
[2025-06-12T18:33:32.568+0000] {subprocess.py:93} INFO - ✅ Sent: {'location': 'Indore', 'temperature': 30.9, 'windspeed': 6.0, 'timestamp': '2025-06-12T18:29'}
[2025-06-12T18:33:32.568+0000] {subprocess.py:93} INFO - ✅ Sent: {'location': 'Surat', 'temperature': 29.6, 'windspeed': 13.7, 'timestamp': '2025-06-12T18:29'}
[2025-06-12T18:33:32.569+0000] {subprocess.py:93} INFO - ✅ Sent: {'location': 'Bhopal', 'temperature': 31.2, 'windspeed': 10.5, 'timestamp': '2025-06-12T18:30'}
[2025-06-12T18:33:32.569+0000] {subprocess.py:93} INFO - ✅ Sent: {'location': 'Patna', 'temperature': 32.2, 'windspeed': 6.7, 'timestamp': '2025-06-12T18:30'}
[2025-06-12T18:33:32.570+0000] {subprocess.py:93} INFO - ✅ Sent: {'location': 'Ludhiana', 'temperature': 31.6, 'windspeed': 10.2, 'timestamp': '2025-06-12T18:30'}
[2025-06-12T18:33:32.570+0000] {subprocess.py:93} INFO - ✅ Sent: {'location': 'Agra', 'temperature': 32.8, 'windspeed': 9.7, 'timestamp': '2025-06-12T18:30'}
[2025-06-12T18:33:32.571+0000] {subprocess.py:93} INFO - ✅ Sent: {'location': 'Varanasi', 'temperature': 33.8, 'windspeed': 8.6, 'timestamp': '2025-06-12T18:30'}
[2025-06-12T18:33:32.571+0000] {subprocess.py:93} INFO - ✅ Sent: {'location': 'Madurai', 'temperature': 27.8, 'windspeed': 8.0, 'timestamp': '2025-06-12T18:30'}
[2025-06-12T18:33:32.572+0000] {subprocess.py:93} INFO - ✅ Sent: {'location': 'Coimbatore', 'temperature': 23.8, 'windspeed': 16.6, 'timestamp': '2025-06-12T18:30'}
[2025-06-12T18:33:32.572+0000] {subprocess.py:93} INFO - ✅ Sent: {'location': 'Visakhapatnam', 'temperature': 28.1, 'windspeed': 2.5, 'timestamp': '2025-06-12T18:30'}
[2025-06-12T18:33:32.572+0000] {subprocess.py:93} INFO - ✅ Sent: {'location': 'Ranchi', 'temperature': 25.8, 'windspeed': 5.4, 'timestamp': '2025-06-12T18:30'}
[2025-06-12T18:33:32.573+0000] {subprocess.py:93} INFO - ✅ Sent: {'location': 'Bhubaneswar', 'temperature': 27.9, 'windspeed': 1.9, 'timestamp': '2025-06-12T18:30'}
[2025-06-12T18:33:32.574+0000] {subprocess.py:93} INFO - ✅ Sent: {'location': 'Guwahati', 'temperature': 30.6, 'windspeed': 3.6, 'timestamp': '2025-06-12T18:30'}
[2025-06-12T18:33:32.574+0000] {subprocess.py:93} INFO - ✅ Sent: {'location': 'Delhi', 'temperature': 32.3, 'windspeed': 7.4, 'timestamp': '2025-06-12T18:30'}
[2025-06-12T18:33:32.575+0000] {subprocess.py:93} INFO - ✅ Sent: {'location': 'Mumbai', 'temperature': 30.2, 'windspeed': 12.4, 'timestamp': '2025-06-12T18:31'}
[2025-06-12T18:33:32.575+0000] {subprocess.py:93} INFO - ✅ Sent: {'location': 'Bangalore', 'temperature': 21.5, 'windspeed': 10.2, 'timestamp': '2025-06-12T18:31'}
[2025-06-12T18:33:32.576+0000] {subprocess.py:93} INFO - ✅ Sent: {'location': 'Chennai', 'temperature': 28.5, 'windspeed': 10.3, 'timestamp': '2025-06-12T18:31'}
[2025-06-12T18:33:32.576+0000] {subprocess.py:93} INFO - ✅ Sent: {'location': 'Kolkata', 'temperature': 28.3, 'windspeed': 4.5, 'timestamp': '2025-06-12T18:31'}
[2025-06-12T18:33:32.577+0000] {subprocess.py:93} INFO - ✅ Sent: {'location': 'Hyderabad', 'temperature': 24.9, 'windspeed': 6.5, 'timestamp': '2025-06-12T18:31'}
[2025-06-12T18:33:32.577+0000] {subprocess.py:93} INFO - ✅ Sent: {'location': 'Ahmedabad', 'temperature': 32.7, 'windspeed': 10.1, 'timestamp': '2025-06-12T18:31'}
[2025-06-12T18:33:32.578+0000] {subprocess.py:93} INFO - ✅ Sent: {'location': 'Pune', 'temperature': 25.5, 'windspeed': 6.9, 'timestamp': '2025-06-12T18:31'}
[2025-06-12T18:33:32.578+0000] {subprocess.py:93} INFO - ✅ Sent: {'location': 'Jaipur', 'temperature': 35.7, 'windspeed': 3.0, 'timestamp': '2025-06-12T18:31'}
[2025-06-12T18:33:32.579+0000] {subprocess.py:93} INFO - ✅ Sent: {'location': 'Lucknow', 'temperature': 33.0, 'windspeed': 8.3, 'timestamp': '2025-06-12T18:31'}
[2025-06-12T18:33:32.579+0000] {subprocess.py:93} INFO - ✅ Sent: {'location': 'Kanpur', 'temperature': 33.3, 'windspeed': 9.8, 'timestamp': '2025-06-12T18:31'}
[2025-06-12T18:33:32.580+0000] {subprocess.py:93} INFO - ✅ Sent: {'location': 'Nagpur', 'temperature': 30.3, 'windspeed': 4.7, 'timestamp': '2025-06-12T18:31'}
[2025-06-12T18:33:32.580+0000] {subprocess.py:93} INFO - ✅ Sent: {'location': 'Indore', 'temperature': 30.6, 'windspeed': 4.3, 'timestamp': '2025-06-12T18:31'}
[2025-06-12T18:33:32.581+0000] {subprocess.py:93} INFO - ✅ Sent: {'location': 'Surat', 'temperature': 29.7, 'windspeed': 13.8, 'timestamp': '2025-06-12T18:32'}
[2025-06-12T18:33:32.581+0000] {subprocess.py:93} INFO - ✅ Sent: {'location': 'Bhopal', 'temperature': 31.2, 'windspeed': 10.5, 'timestamp': '2025-06-12T18:32'}
[2025-06-12T18:33:32.581+0000] {subprocess.py:93} INFO - ✅ Sent: {'location': 'Patna', 'temperature': 32.2, 'windspeed': 6.7, 'timestamp': '2025-06-12T18:32'}
[2025-06-12T18:33:32.582+0000] {subprocess.py:93} INFO - ✅ Sent: {'location': 'Ludhiana', 'temperature': 31.6, 'windspeed': 10.2, 'timestamp': '2025-06-12T18:32'}
[2025-06-12T18:33:32.582+0000] {subprocess.py:93} INFO - ✅ Sent: {'location': 'Agra', 'temperature': 32.8, 'windspeed': 9.7, 'timestamp': '2025-06-12T18:32'}
[2025-06-12T18:33:32.583+0000] {subprocess.py:93} INFO - ✅ Sent: {'location': 'Varanasi', 'temperature': 33.8, 'windspeed': 8.6, 'timestamp': '2025-06-12T18:32'}
[2025-06-12T18:33:32.583+0000] {subprocess.py:93} INFO - ✅ Sent: {'location': 'Madurai', 'temperature': 27.8, 'windspeed': 8.0, 'timestamp': '2025-06-12T18:32'}
[2025-06-12T18:33:32.584+0000] {subprocess.py:93} INFO - ✅ Sent: {'location': 'Coimbatore', 'temperature': 23.8, 'windspeed': 16.6, 'timestamp': '2025-06-12T18:32'}
[2025-06-12T18:33:32.584+0000] {subprocess.py:93} INFO - ✅ Sent: {'location': 'Visakhapatnam', 'temperature': 28.1, 'windspeed': 2.5, 'timestamp': '2025-06-12T18:32'}
[2025-06-12T18:33:32.585+0000] {subprocess.py:93} INFO - ✅ Sent: {'location': 'Ranchi', 'temperature': 25.8, 'windspeed': 5.4, 'timestamp': '2025-06-12T18:32'}
[2025-06-12T18:33:32.585+0000] {subprocess.py:93} INFO - ✅ Sent: {'location': 'Bhubaneswar', 'temperature': 27.9, 'windspeed': 1.9, 'timestamp': '2025-06-12T18:32'}
[2025-06-12T18:33:32.586+0000] {subprocess.py:93} INFO - ✅ Sent: {'location': 'Guwahati', 'temperature': 30.6, 'windspeed': 3.6, 'timestamp': '2025-06-12T18:32'}
[2025-06-12T18:33:32.586+0000] {subprocess.py:93} INFO - ✅ Sent: {'location': 'Delhi', 'temperature': 32.3, 'windspeed': 7.4, 'timestamp': '2025-06-12T18:32'}
[2025-06-12T18:33:32.587+0000] {subprocess.py:93} INFO - ✅ Sent: {'location': 'Mumbai', 'temperature': 30.2, 'windspeed': 12.4, 'timestamp': '2025-06-12T18:33'}
[2025-06-12T18:33:32.587+0000] {subprocess.py:93} INFO - ✅ Sent: {'location': 'Bangalore', 'temperature': 21.5, 'windspeed': 10.2, 'timestamp': '2025-06-12T18:33'}
[2025-06-12T18:33:32.588+0000] {subprocess.py:93} INFO - ✅ Sent: {'location': 'Chennai', 'temperature': 28.5, 'windspeed': 10.3, 'timestamp': '2025-06-12T18:33'}
[2025-06-12T18:33:32.588+0000] {subprocess.py:93} INFO - ✅ Sent: {'location': 'Kolkata', 'temperature': 28.3, 'windspeed': 4.5, 'timestamp': '2025-06-12T18:33'}
[2025-06-12T18:33:32.589+0000] {subprocess.py:93} INFO - ✅ Sent: {'location': 'Hyderabad', 'temperature': 24.9, 'windspeed': 6.5, 'timestamp': '2025-06-12T18:33'}
[2025-06-12T18:33:32.589+0000] {subprocess.py:93} INFO - ✅ Sent: {'location': 'Ahmedabad', 'temperature': 32.7, 'windspeed': 10.1, 'timestamp': '2025-06-12T18:33'}
[2025-06-12T18:36:26.661+0000] {local_task_job_runner.py:121} ERROR - Received SIGTERM. Terminating subprocesses
[2025-06-12T18:36:26.869+0000] {process_utils.py:131} INFO - Sending 15 to group 449. PIDs of all processes in the group: [450, 449]
[2025-06-12T18:36:26.882+0000] {process_utils.py:86} INFO - Sending the signal 15 to group 449
[2025-06-12T18:36:26.893+0000] {taskinstance.py:2451} ERROR - Received SIGTERM. Terminating subprocesses.
[2025-06-12T18:36:26.900+0000] {subprocess.py:104} INFO - Sending SIGTERM signal to process group
[2025-06-12T18:36:27.144+0000] {taskinstance.py:2699} ERROR - Task failed with exception
Traceback (most recent call last):
  File "/home/airflow/.local/lib/python3.8/site-packages/airflow/models/taskinstance.py", line 433, in _execute_task
    result = execute_callable(context=context, **execute_callable_kwargs)
  File "/home/airflow/.local/lib/python3.8/site-packages/airflow/operators/bash.py", line 203, in execute
    result = self.subprocess_hook.run_command(
  File "/home/airflow/.local/lib/python3.8/site-packages/airflow/hooks/subprocess.py", line 91, in run_command
    for raw_line in iter(self.sub_process.stdout.readline, b""):
  File "/home/airflow/.local/lib/python3.8/site-packages/airflow/models/taskinstance.py", line 2453, in signal_handler
    raise AirflowException("Task received SIGTERM signal")
airflow.exceptions.AirflowException: Task received SIGTERM signal
[2025-06-12T18:36:27.180+0000] {taskinstance.py:1138} INFO - Marking task as UP_FOR_RETRY. dag_id=weather_data_pipeline, task_id=start_kafka_producer, execution_date=20250612T170000, start_date=20250612T180001, end_date=20250612T183627
[2025-06-12T18:36:27.294+0000] {standard_task_runner.py:107} ERROR - Failed to execute job 54 for task start_kafka_producer (Task received SIGTERM signal; 449)
[2025-06-12T18:36:27.322+0000] {process_utils.py:79} INFO - Process psutil.Process(pid=449, status='terminated', exitcode=1, started='18:00:01') (449) terminated with exit code 1
[2025-06-12T18:36:27.324+0000] {process_utils.py:79} INFO - Process psutil.Process(pid=450, status='terminated', started='18:00:01') (450) terminated with exit code None
[2025-06-12T18:36:27.326+0000] {local_task_job_runner.py:234} INFO - Task exited with return code 143
[2025-06-12T18:36:27.439+0000] {taskinstance.py:3281} INFO - 0 downstream tasks scheduled from follow-on schedule check
