[2025-06-12T15:10:10.631+0000] {taskinstance.py:1957} INFO - Dependencies all met for dep_context=non-requeueable deps ti=<TaskInstance: weather_data_pipeline.start_kafka_producer scheduled__2025-06-12T14:00:00+00:00 [queued]>
[2025-06-12T15:10:10.647+0000] {taskinstance.py:1957} INFO - Dependencies all met for dep_context=requeueable deps ti=<TaskInstance: weather_data_pipeline.start_kafka_producer scheduled__2025-06-12T14:00:00+00:00 [queued]>
[2025-06-12T15:10:10.649+0000] {taskinstance.py:2171} INFO - Starting attempt 3 of 3
[2025-06-12T15:10:10.683+0000] {taskinstance.py:2192} INFO - Executing <Task(BashOperator): start_kafka_producer> on 2025-06-12 14:00:00+00:00
[2025-06-12T15:10:10.691+0000] {standard_task_runner.py:60} INFO - Started process 2070 to run task
[2025-06-12T15:10:10.696+0000] {standard_task_runner.py:87} INFO - Running: ['***', 'tasks', 'run', 'weather_data_pipeline', 'start_kafka_producer', 'scheduled__2025-06-12T14:00:00+00:00', '--job-id', '43', '--raw', '--subdir', 'DAGS_FOLDER/data_pipeline_dag.py', '--cfg-path', '/tmp/tmp8z68mx11']
[2025-06-12T15:10:10.701+0000] {standard_task_runner.py:88} INFO - Job 43: Subtask start_kafka_producer
[2025-06-12T15:10:10.786+0000] {task_command.py:423} INFO - Running <TaskInstance: weather_data_pipeline.start_kafka_producer scheduled__2025-06-12T14:00:00+00:00 [running]> on host 9317720fb19e
[2025-06-12T15:10:10.918+0000] {taskinstance.py:2481} INFO - Exporting env vars: AIRFLOW_CTX_DAG_OWNER='Daniel' AIRFLOW_CTX_DAG_ID='weather_data_pipeline' AIRFLOW_CTX_TASK_ID='start_kafka_producer' AIRFLOW_CTX_EXECUTION_DATE='2025-06-12T14:00:00+00:00' AIRFLOW_CTX_TRY_NUMBER='3' AIRFLOW_CTX_DAG_RUN_ID='scheduled__2025-06-12T14:00:00+00:00'
[2025-06-12T15:10:10.921+0000] {subprocess.py:63} INFO - Tmp dir root location: /tmp
[2025-06-12T15:10:10.934+0000] {subprocess.py:75} INFO - Running command: ['/usr/bin/bash', '-c', 'python3 /opt/***/scripts/real_api_producer.py']
[2025-06-12T15:10:10.952+0000] {subprocess.py:86} INFO - Output:
[2025-06-12T15:10:13.334+0000] {subprocess.py:93} INFO - Traceback (most recent call last):
[2025-06-12T15:10:13.335+0000] {subprocess.py:93} INFO -   File "/opt/***/scripts/real_api_producer.py", line 8, in <module>
[2025-06-12T15:10:13.335+0000] {subprocess.py:93} INFO -     producer = KafkaProducer(
[2025-06-12T15:10:13.336+0000] {subprocess.py:93} INFO -   File "/home/***/.local/lib/python3.8/site-packages/kafka/producer/kafka.py", line 381, in __init__
[2025-06-12T15:10:13.336+0000] {subprocess.py:93} INFO -     client = KafkaClient(metrics=self._metrics, metric_group_prefix='producer',
[2025-06-12T15:10:13.337+0000] {subprocess.py:93} INFO -   File "/home/***/.local/lib/python3.8/site-packages/kafka/client_async.py", line 244, in __init__
[2025-06-12T15:10:13.337+0000] {subprocess.py:93} INFO -     self.config['api_version'] = self.check_version(timeout=check_timeout)
[2025-06-12T15:10:13.338+0000] {subprocess.py:93} INFO -   File "/home/***/.local/lib/python3.8/site-packages/kafka/client_async.py", line 927, in check_version
[2025-06-12T15:10:13.338+0000] {subprocess.py:93} INFO -     raise Errors.NoBrokersAvailable()
[2025-06-12T15:10:13.339+0000] {subprocess.py:93} INFO - kafka.errors.NoBrokersAvailable: NoBrokersAvailable
[2025-06-12T15:10:13.362+0000] {subprocess.py:97} INFO - Command exited with return code 1
[2025-06-12T15:10:13.379+0000] {taskinstance.py:2699} ERROR - Task failed with exception
Traceback (most recent call last):
  File "/home/airflow/.local/lib/python3.8/site-packages/airflow/models/taskinstance.py", line 433, in _execute_task
    result = execute_callable(context=context, **execute_callable_kwargs)
  File "/home/airflow/.local/lib/python3.8/site-packages/airflow/operators/bash.py", line 212, in execute
    raise AirflowException(
airflow.exceptions.AirflowException: Bash command failed. The command returned a non-zero exit code 1.
[2025-06-12T15:10:13.386+0000] {taskinstance.py:1138} INFO - Marking task as FAILED. dag_id=weather_data_pipeline, task_id=start_kafka_producer, execution_date=20250612T140000, start_date=20250612T151010, end_date=20250612T151013
[2025-06-12T15:10:13.414+0000] {standard_task_runner.py:107} ERROR - Failed to execute job 43 for task start_kafka_producer (Bash command failed. The command returned a non-zero exit code 1.; 2070)
[2025-06-12T15:10:13.449+0000] {local_task_job_runner.py:234} INFO - Task exited with return code 1
[2025-06-12T15:10:13.484+0000] {taskinstance.py:3281} INFO - 0 downstream tasks scheduled from follow-on schedule check
