[2025-06-12T15:00:00.886+0000] {taskinstance.py:1957} INFO - Dependencies all met for dep_context=non-requeueable deps ti=<TaskInstance: weather_data_pipeline.start_kafka_producer scheduled__2025-06-12T14:00:00+00:00 [queued]>
[2025-06-12T15:00:00.902+0000] {taskinstance.py:1957} INFO - Dependencies all met for dep_context=requeueable deps ti=<TaskInstance: weather_data_pipeline.start_kafka_producer scheduled__2025-06-12T14:00:00+00:00 [queued]>
[2025-06-12T15:00:00.903+0000] {taskinstance.py:2171} INFO - Starting attempt 1 of 3
[2025-06-12T15:00:00.938+0000] {taskinstance.py:2192} INFO - Executing <Task(BashOperator): start_kafka_producer> on 2025-06-12 14:00:00+00:00
[2025-06-12T15:00:00.949+0000] {standard_task_runner.py:60} INFO - Started process 1962 to run task
[2025-06-12T15:00:00.954+0000] {standard_task_runner.py:87} INFO - Running: ['***', 'tasks', 'run', 'weather_data_pipeline', 'start_kafka_producer', 'scheduled__2025-06-12T14:00:00+00:00', '--job-id', '41', '--raw', '--subdir', 'DAGS_FOLDER/data_pipeline_dag.py', '--cfg-path', '/tmp/tmpjj_p4hft']
[2025-06-12T15:00:00.959+0000] {standard_task_runner.py:88} INFO - Job 41: Subtask start_kafka_producer
[2025-06-12T15:00:01.061+0000] {task_command.py:423} INFO - Running <TaskInstance: weather_data_pipeline.start_kafka_producer scheduled__2025-06-12T14:00:00+00:00 [running]> on host 9317720fb19e
[2025-06-12T15:00:01.197+0000] {taskinstance.py:2481} INFO - Exporting env vars: AIRFLOW_CTX_DAG_OWNER='Daniel' AIRFLOW_CTX_DAG_ID='weather_data_pipeline' AIRFLOW_CTX_TASK_ID='start_kafka_producer' AIRFLOW_CTX_EXECUTION_DATE='2025-06-12T14:00:00+00:00' AIRFLOW_CTX_TRY_NUMBER='1' AIRFLOW_CTX_DAG_RUN_ID='scheduled__2025-06-12T14:00:00+00:00'
[2025-06-12T15:00:01.200+0000] {subprocess.py:63} INFO - Tmp dir root location: /tmp
[2025-06-12T15:00:01.203+0000] {subprocess.py:75} INFO - Running command: ['/usr/bin/bash', '-c', 'python3 /opt/***/scripts/real_api_producer.py']
[2025-06-12T15:00:01.226+0000] {subprocess.py:86} INFO - Output:
[2025-06-12T15:00:03.755+0000] {subprocess.py:93} INFO - Traceback (most recent call last):
[2025-06-12T15:00:03.756+0000] {subprocess.py:93} INFO -   File "/opt/***/scripts/real_api_producer.py", line 8, in <module>
[2025-06-12T15:00:03.757+0000] {subprocess.py:93} INFO -     producer = KafkaProducer(
[2025-06-12T15:00:03.758+0000] {subprocess.py:93} INFO -   File "/home/***/.local/lib/python3.8/site-packages/kafka/producer/kafka.py", line 381, in __init__
[2025-06-12T15:00:03.759+0000] {subprocess.py:93} INFO -     client = KafkaClient(metrics=self._metrics, metric_group_prefix='producer',
[2025-06-12T15:00:03.760+0000] {subprocess.py:93} INFO -   File "/home/***/.local/lib/python3.8/site-packages/kafka/client_async.py", line 244, in __init__
[2025-06-12T15:00:03.761+0000] {subprocess.py:93} INFO -     self.config['api_version'] = self.check_version(timeout=check_timeout)
[2025-06-12T15:00:03.761+0000] {subprocess.py:93} INFO -   File "/home/***/.local/lib/python3.8/site-packages/kafka/client_async.py", line 927, in check_version
[2025-06-12T15:00:03.762+0000] {subprocess.py:93} INFO -     raise Errors.NoBrokersAvailable()
[2025-06-12T15:00:03.763+0000] {subprocess.py:93} INFO - kafka.errors.NoBrokersAvailable: NoBrokersAvailable
[2025-06-12T15:00:03.782+0000] {subprocess.py:97} INFO - Command exited with return code 1
[2025-06-12T15:00:03.797+0000] {taskinstance.py:2699} ERROR - Task failed with exception
Traceback (most recent call last):
  File "/home/airflow/.local/lib/python3.8/site-packages/airflow/models/taskinstance.py", line 433, in _execute_task
    result = execute_callable(context=context, **execute_callable_kwargs)
  File "/home/airflow/.local/lib/python3.8/site-packages/airflow/operators/bash.py", line 212, in execute
    raise AirflowException(
airflow.exceptions.AirflowException: Bash command failed. The command returned a non-zero exit code 1.
[2025-06-12T15:00:03.805+0000] {taskinstance.py:1138} INFO - Marking task as UP_FOR_RETRY. dag_id=weather_data_pipeline, task_id=start_kafka_producer, execution_date=20250612T140000, start_date=20250612T150000, end_date=20250612T150003
[2025-06-12T15:00:03.829+0000] {standard_task_runner.py:107} ERROR - Failed to execute job 41 for task start_kafka_producer (Bash command failed. The command returned a non-zero exit code 1.; 1962)
[2025-06-12T15:00:03.868+0000] {local_task_job_runner.py:234} INFO - Task exited with return code 1
[2025-06-12T15:00:03.900+0000] {taskinstance.py:3281} INFO - 0 downstream tasks scheduled from follow-on schedule check
