[2025-06-12T18:35:52.051+0000] {taskinstance.py:1957} INFO - Dependencies all met for dep_context=non-requeueable deps ti=<TaskInstance: weather_data_pipeline.start_kafka_producer manual__2025-06-12T18:35:49.664046+00:00 [queued]>
[2025-06-12T18:35:52.097+0000] {taskinstance.py:1957} INFO - Dependencies all met for dep_context=requeueable deps ti=<TaskInstance: weather_data_pipeline.start_kafka_producer manual__2025-06-12T18:35:49.664046+00:00 [queued]>
[2025-06-12T18:35:52.098+0000] {taskinstance.py:2171} INFO - Starting attempt 1 of 3
[2025-06-12T18:35:52.126+0000] {taskinstance.py:2192} INFO - Executing <Task(BashOperator): start_kafka_producer> on 2025-06-12 18:35:49.664046+00:00
[2025-06-12T18:35:52.135+0000] {standard_task_runner.py:60} INFO - Started process 809 to run task
[2025-06-12T18:35:52.141+0000] {standard_task_runner.py:87} INFO - Running: ['***', 'tasks', 'run', 'weather_data_pipeline', 'start_kafka_producer', 'manual__2025-06-12T18:35:49.664046+00:00', '--job-id', '55', '--raw', '--subdir', 'DAGS_FOLDER/data_pipeline_dag.py', '--cfg-path', '/tmp/tmp1nt6blp1']
[2025-06-12T18:35:52.153+0000] {standard_task_runner.py:88} INFO - Job 55: Subtask start_kafka_producer
[2025-06-12T18:35:52.264+0000] {task_command.py:423} INFO - Running <TaskInstance: weather_data_pipeline.start_kafka_producer manual__2025-06-12T18:35:49.664046+00:00 [running]> on host 5df86bab078c
[2025-06-12T18:35:52.402+0000] {taskinstance.py:2481} INFO - Exporting env vars: AIRFLOW_CTX_DAG_OWNER='Daniel' AIRFLOW_CTX_DAG_ID='weather_data_pipeline' AIRFLOW_CTX_TASK_ID='start_kafka_producer' AIRFLOW_CTX_EXECUTION_DATE='2025-06-12T18:35:49.664046+00:00' AIRFLOW_CTX_TRY_NUMBER='1' AIRFLOW_CTX_DAG_RUN_ID='manual__2025-06-12T18:35:49.664046+00:00'
[2025-06-12T18:35:52.404+0000] {subprocess.py:63} INFO - Tmp dir root location: /tmp
[2025-06-12T18:35:52.406+0000] {subprocess.py:75} INFO - Running command: ['/usr/bin/bash', '-c', 'python3 /opt/***/scripts/real_api_producer.py']
[2025-06-12T18:35:52.425+0000] {subprocess.py:86} INFO - Output:
[2025-06-12T18:36:26.489+0000] {local_task_job_runner.py:121} ERROR - Received SIGTERM. Terminating subprocesses
[2025-06-12T18:36:26.728+0000] {process_utils.py:131} INFO - Sending 15 to group 809. PIDs of all processes in the group: [810, 809]
[2025-06-12T18:36:26.731+0000] {process_utils.py:86} INFO - Sending the signal 15 to group 809
[2025-06-12T18:36:26.737+0000] {taskinstance.py:2451} ERROR - Received SIGTERM. Terminating subprocesses.
[2025-06-12T18:36:26.743+0000] {subprocess.py:104} INFO - Sending SIGTERM signal to process group
[2025-06-12T18:36:26.818+0000] {taskinstance.py:2699} ERROR - Task failed with exception
Traceback (most recent call last):
  File "/home/airflow/.local/lib/python3.8/site-packages/airflow/models/taskinstance.py", line 433, in _execute_task
    result = execute_callable(context=context, **execute_callable_kwargs)
  File "/home/airflow/.local/lib/python3.8/site-packages/airflow/operators/bash.py", line 203, in execute
    result = self.subprocess_hook.run_command(
  File "/home/airflow/.local/lib/python3.8/site-packages/airflow/hooks/subprocess.py", line 91, in run_command
    for raw_line in iter(self.sub_process.stdout.readline, b""):
  File "/home/airflow/.local/lib/python3.8/site-packages/airflow/models/taskinstance.py", line 2453, in signal_handler
    raise AirflowException("Task received SIGTERM signal")
airflow.exceptions.AirflowException: Task received SIGTERM signal
[2025-06-12T18:36:26.855+0000] {taskinstance.py:1138} INFO - Marking task as UP_FOR_RETRY. dag_id=weather_data_pipeline, task_id=start_kafka_producer, execution_date=20250612T183549, start_date=20250612T183552, end_date=20250612T183626
[2025-06-12T18:36:26.931+0000] {standard_task_runner.py:107} ERROR - Failed to execute job 55 for task start_kafka_producer (Task received SIGTERM signal; 809)
[2025-06-12T18:36:26.963+0000] {process_utils.py:79} INFO - Process psutil.Process(pid=810, status='terminated', started='18:35:52') (810) terminated with exit code None
[2025-06-12T18:36:26.966+0000] {process_utils.py:79} INFO - Process psutil.Process(pid=809, status='terminated', exitcode=1, started='18:35:51') (809) terminated with exit code 1
[2025-06-12T18:36:26.968+0000] {local_task_job_runner.py:234} INFO - Task exited with return code 143
[2025-06-12T18:36:27.048+0000] {taskinstance.py:3281} INFO - 0 downstream tasks scheduled from follow-on schedule check
