[2025-06-12T12:18:09.085+0000] {taskinstance.py:1957} INFO - Dependencies all met for dep_context=non-requeueable deps ti=<TaskInstance: weather_data_pipeline.start_kafka_producer manual__2025-06-12T12:13:05.511587+00:00 [queued]>
[2025-06-12T12:18:09.106+0000] {taskinstance.py:1957} INFO - Dependencies all met for dep_context=requeueable deps ti=<TaskInstance: weather_data_pipeline.start_kafka_producer manual__2025-06-12T12:13:05.511587+00:00 [queued]>
[2025-06-12T12:18:09.107+0000] {taskinstance.py:2171} INFO - Starting attempt 2 of 3
[2025-06-12T12:18:09.129+0000] {taskinstance.py:2192} INFO - Executing <Task(BashOperator): start_kafka_producer> on 2025-06-12 12:13:05.511587+00:00
[2025-06-12T12:18:09.136+0000] {standard_task_runner.py:60} INFO - Started process 330 to run task
[2025-06-12T12:18:09.142+0000] {standard_task_runner.py:87} INFO - Running: ['***', 'tasks', 'run', 'weather_data_pipeline', 'start_kafka_producer', 'manual__2025-06-12T12:13:05.511587+00:00', '--job-id', '33', '--raw', '--subdir', 'DAGS_FOLDER/data_pipeline_dag.py', '--cfg-path', '/tmp/tmpfqm2iku1']
[2025-06-12T12:18:09.149+0000] {standard_task_runner.py:88} INFO - Job 33: Subtask start_kafka_producer
[2025-06-12T12:18:09.223+0000] {task_command.py:423} INFO - Running <TaskInstance: weather_data_pipeline.start_kafka_producer manual__2025-06-12T12:13:05.511587+00:00 [running]> on host 9317720fb19e
[2025-06-12T12:18:09.342+0000] {taskinstance.py:2481} INFO - Exporting env vars: AIRFLOW_CTX_DAG_OWNER='Daniel' AIRFLOW_CTX_DAG_ID='weather_data_pipeline' AIRFLOW_CTX_TASK_ID='start_kafka_producer' AIRFLOW_CTX_EXECUTION_DATE='2025-06-12T12:13:05.511587+00:00' AIRFLOW_CTX_TRY_NUMBER='2' AIRFLOW_CTX_DAG_RUN_ID='manual__2025-06-12T12:13:05.511587+00:00'
[2025-06-12T12:18:09.344+0000] {subprocess.py:63} INFO - Tmp dir root location: /tmp
[2025-06-12T12:18:09.345+0000] {subprocess.py:75} INFO - Running command: ['/usr/bin/bash', '-c', 'python3 /opt/***/scripts/real_api_producer.py']
[2025-06-12T12:18:09.359+0000] {subprocess.py:86} INFO - Output:
[2025-06-12T12:18:09.922+0000] {subprocess.py:93} INFO - Traceback (most recent call last):
[2025-06-12T12:18:09.924+0000] {subprocess.py:93} INFO -   File "/opt/***/scripts/real_api_producer.py", line 7, in <module>
[2025-06-12T12:18:09.925+0000] {subprocess.py:93} INFO -     producer = KafkaProducer(
[2025-06-12T12:18:09.926+0000] {subprocess.py:93} INFO -   File "/home/***/.local/lib/python3.8/site-packages/kafka/producer/kafka.py", line 381, in __init__
[2025-06-12T12:18:09.927+0000] {subprocess.py:93} INFO -     client = KafkaClient(metrics=self._metrics, metric_group_prefix='producer',
[2025-06-12T12:18:09.927+0000] {subprocess.py:93} INFO -   File "/home/***/.local/lib/python3.8/site-packages/kafka/client_async.py", line 244, in __init__
[2025-06-12T12:18:09.928+0000] {subprocess.py:93} INFO -     self.config['api_version'] = self.check_version(timeout=check_timeout)
[2025-06-12T12:18:09.929+0000] {subprocess.py:93} INFO -   File "/home/***/.local/lib/python3.8/site-packages/kafka/client_async.py", line 900, in check_version
[2025-06-12T12:18:09.929+0000] {subprocess.py:93} INFO -     raise Errors.NoBrokersAvailable()
[2025-06-12T12:18:09.930+0000] {subprocess.py:93} INFO - kafka.errors.NoBrokersAvailable: NoBrokersAvailable
[2025-06-12T12:18:09.957+0000] {subprocess.py:97} INFO - Command exited with return code 1
[2025-06-12T12:18:09.975+0000] {taskinstance.py:2699} ERROR - Task failed with exception
Traceback (most recent call last):
  File "/home/airflow/.local/lib/python3.8/site-packages/airflow/models/taskinstance.py", line 433, in _execute_task
    result = execute_callable(context=context, **execute_callable_kwargs)
  File "/home/airflow/.local/lib/python3.8/site-packages/airflow/operators/bash.py", line 212, in execute
    raise AirflowException(
airflow.exceptions.AirflowException: Bash command failed. The command returned a non-zero exit code 1.
[2025-06-12T12:18:09.981+0000] {taskinstance.py:1138} INFO - Marking task as UP_FOR_RETRY. dag_id=weather_data_pipeline, task_id=start_kafka_producer, execution_date=20250612T121305, start_date=20250612T121809, end_date=20250612T121809
[2025-06-12T12:18:10.013+0000] {standard_task_runner.py:107} ERROR - Failed to execute job 33 for task start_kafka_producer (Bash command failed. The command returned a non-zero exit code 1.; 330)
[2025-06-12T12:18:10.042+0000] {local_task_job_runner.py:234} INFO - Task exited with return code 1
[2025-06-12T12:18:10.077+0000] {taskinstance.py:3281} INFO - 0 downstream tasks scheduled from follow-on schedule check
