[2025-06-12T12:23:10.704+0000] {taskinstance.py:1957} INFO - Dependencies all met for dep_context=non-requeueable deps ti=<TaskInstance: weather_data_pipeline.start_kafka_producer manual__2025-06-12T12:13:05.511587+00:00 [queued]>
[2025-06-12T12:23:10.730+0000] {taskinstance.py:1957} INFO - Dependencies all met for dep_context=requeueable deps ti=<TaskInstance: weather_data_pipeline.start_kafka_producer manual__2025-06-12T12:13:05.511587+00:00 [queued]>
[2025-06-12T12:23:10.731+0000] {taskinstance.py:2171} INFO - Starting attempt 3 of 3
[2025-06-12T12:23:10.757+0000] {taskinstance.py:2192} INFO - Executing <Task(BashOperator): start_kafka_producer> on 2025-06-12 12:13:05.511587+00:00
[2025-06-12T12:23:10.765+0000] {standard_task_runner.py:60} INFO - Started process 384 to run task
[2025-06-12T12:23:10.769+0000] {standard_task_runner.py:87} INFO - Running: ['***', 'tasks', 'run', 'weather_data_pipeline', 'start_kafka_producer', 'manual__2025-06-12T12:13:05.511587+00:00', '--job-id', '34', '--raw', '--subdir', 'DAGS_FOLDER/data_pipeline_dag.py', '--cfg-path', '/tmp/tmpeuzl8tu7']
[2025-06-12T12:23:10.774+0000] {standard_task_runner.py:88} INFO - Job 34: Subtask start_kafka_producer
[2025-06-12T12:23:10.859+0000] {task_command.py:423} INFO - Running <TaskInstance: weather_data_pipeline.start_kafka_producer manual__2025-06-12T12:13:05.511587+00:00 [running]> on host 9317720fb19e
[2025-06-12T12:23:11.011+0000] {taskinstance.py:2481} INFO - Exporting env vars: AIRFLOW_CTX_DAG_OWNER='Daniel' AIRFLOW_CTX_DAG_ID='weather_data_pipeline' AIRFLOW_CTX_TASK_ID='start_kafka_producer' AIRFLOW_CTX_EXECUTION_DATE='2025-06-12T12:13:05.511587+00:00' AIRFLOW_CTX_TRY_NUMBER='3' AIRFLOW_CTX_DAG_RUN_ID='manual__2025-06-12T12:13:05.511587+00:00'
[2025-06-12T12:23:11.014+0000] {subprocess.py:63} INFO - Tmp dir root location: /tmp
[2025-06-12T12:23:11.016+0000] {subprocess.py:75} INFO - Running command: ['/usr/bin/bash', '-c', 'python3 /opt/***/scripts/real_api_producer.py']
[2025-06-12T12:23:11.030+0000] {subprocess.py:86} INFO - Output:
[2025-06-12T12:23:11.559+0000] {subprocess.py:93} INFO - Traceback (most recent call last):
[2025-06-12T12:23:11.560+0000] {subprocess.py:93} INFO -   File "/opt/***/scripts/real_api_producer.py", line 7, in <module>
[2025-06-12T12:23:11.561+0000] {subprocess.py:93} INFO -     producer = KafkaProducer(
[2025-06-12T12:23:11.562+0000] {subprocess.py:93} INFO -   File "/home/***/.local/lib/python3.8/site-packages/kafka/producer/kafka.py", line 381, in __init__
[2025-06-12T12:23:11.563+0000] {subprocess.py:93} INFO -     client = KafkaClient(metrics=self._metrics, metric_group_prefix='producer',
[2025-06-12T12:23:11.564+0000] {subprocess.py:93} INFO -   File "/home/***/.local/lib/python3.8/site-packages/kafka/client_async.py", line 244, in __init__
[2025-06-12T12:23:11.565+0000] {subprocess.py:93} INFO -     self.config['api_version'] = self.check_version(timeout=check_timeout)
[2025-06-12T12:23:11.566+0000] {subprocess.py:93} INFO -   File "/home/***/.local/lib/python3.8/site-packages/kafka/client_async.py", line 900, in check_version
[2025-06-12T12:23:11.566+0000] {subprocess.py:93} INFO -     raise Errors.NoBrokersAvailable()
[2025-06-12T12:23:11.567+0000] {subprocess.py:93} INFO - kafka.errors.NoBrokersAvailable: NoBrokersAvailable
[2025-06-12T12:23:11.585+0000] {subprocess.py:97} INFO - Command exited with return code 1
[2025-06-12T12:23:11.627+0000] {local_task_job_runner.py:234} INFO - Task exited with return code 0
[2025-06-12T12:23:11.653+0000] {taskinstance.py:3281} INFO - 0 downstream tasks scheduled from follow-on schedule check
